{"meta": {"format": 3, "version": "7.10.7", "timestamp": "2025-10-11T08:39:27.773098", "branch_coverage": false, "show_contexts": false}, "files": {"src/api/batch_operations.py": {"executed_lines": [], "summary": {"covered_lines": 0, "num_statements": 73, "percent_covered": 0.0, "percent_covered_display": "0", "missing_lines": 73, "excluded_lines": 0}, "missing_lines": [7, 8, 10, 11, 13, 19, 22, 25, 28, 29, 30, 33, 38, 41, 42, 48, 51, 52, 53, 58, 61, 62, 63, 64, 65, 66, 67, 68, 69, 72, 73, 81, 82, 94, 97, 107, 110, 111, 120, 121, 133, 136, 144, 147, 148, 157, 158, 163, 164, 176, 179, 188, 191, 192, 196, 197, 198, 200, 203, 204, 208, 209, 210, 213, 214, 218, 219, 220, 222, 223, 225, 226, 228], "excluded_lines": [], "functions": {"start_batch_export": {"executed_lines": [], "summary": {"covered_lines": 0, "num_statements": 5, "percent_covered": 0.0, "percent_covered_display": "0", "missing_lines": 5, "excluded_lines": 0}, "missing_lines": [81, 82, 94, 97, 107], "excluded_lines": []}, "start_batch_delete": {"executed_lines": [], "summary": {"covered_lines": 0, "num_statements": 5, "percent_covered": 0.0, "percent_covered_display": "0", "missing_lines": 5, "excluded_lines": 0}, "missing_lines": [120, 121, 133, 136, 144], "excluded_lines": []}, "start_batch_tag": {"executed_lines": [], "summary": {"covered_lines": 0, "num_statements": 7, "percent_covered": 0.0, "percent_covered_display": "0", "missing_lines": 7, "excluded_lines": 0}, "missing_lines": [157, 158, 163, 164, 176, 179, 188], "excluded_lines": []}, "get_batch_job_status": {"executed_lines": [], "summary": {"covered_lines": 0, "num_statements": 4, "percent_covered": 0.0, "percent_covered_display": "0", "missing_lines": 4, "excluded_lines": 0}, "missing_lines": [196, 197, 198, 200], "excluded_lines": []}, "list_batch_jobs": {"executed_lines": [], "summary": {"covered_lines": 0, "num_statements": 3, "percent_covered": 0.0, "percent_covered_display": "0", "missing_lines": 3, "excluded_lines": 0}, "missing_lines": [208, 209, 210], "excluded_lines": []}, "cancel_batch_job": {"executed_lines": [], "summary": {"covered_lines": 0, "num_statements": 8, "percent_covered": 0.0, "percent_covered_display": "0", "missing_lines": 8, "excluded_lines": 0}, "missing_lines": [218, 219, 220, 222, 223, 225, 226, 228], "excluded_lines": []}, "": {"executed_lines": [], "summary": {"covered_lines": 0, "num_statements": 41, "percent_covered": 0.0, "percent_covered_display": "0", "missing_lines": 41, "excluded_lines": 0}, "missing_lines": [7, 8, 10, 11, 13, 19, 22, 25, 28, 29, 30, 33, 38, 41, 42, 48, 51, 52, 53, 58, 61, 62, 63, 64, 65, 66, 67, 68, 69, 72, 73, 110, 111, 147, 148, 191, 192, 203, 204, 213, 214], "excluded_lines": []}}, "classes": {"BatchExportRequest": {"executed_lines": [], "summary": {"covered_lines": 0, "num_statements": 0, "percent_covered": 100.0, "percent_covered_display": "100", "missing_lines": 0, "excluded_lines": 0}, "missing_lines": [], "excluded_lines": []}, "BatchDeleteRequest": {"executed_lines": [], "summary": {"covered_lines": 0, "num_statements": 0, "percent_covered": 100.0, "percent_covered_display": "100", "missing_lines": 0, "excluded_lines": 0}, "missing_lines": [], "excluded_lines": []}, "BatchTagRequest": {"executed_lines": [], "summary": {"covered_lines": 0, "num_statements": 0, "percent_covered": 100.0, "percent_covered_display": "100", "missing_lines": 0, "excluded_lines": 0}, "missing_lines": [], "excluded_lines": []}, "BatchJobStatus": {"executed_lines": [], "summary": {"covered_lines": 0, "num_statements": 0, "percent_covered": 100.0, "percent_covered_display": "100", "missing_lines": 0, "excluded_lines": 0}, "missing_lines": [], "excluded_lines": []}, "": {"executed_lines": [], "summary": {"covered_lines": 0, "num_statements": 73, "percent_covered": 0.0, "percent_covered_display": "0", "missing_lines": 73, "excluded_lines": 0}, "missing_lines": [7, 8, 10, 11, 13, 19, 22, 25, 28, 29, 30, 33, 38, 41, 42, 48, 51, 52, 53, 58, 61, 62, 63, 64, 65, 66, 67, 68, 69, 72, 73, 81, 82, 94, 97, 107, 110, 111, 120, 121, 133, 136, 144, 147, 148, 157, 158, 163, 164, 176, 179, 188, 191, 192, 196, 197, 198, 200, 203, 204, 208, 209, 210, 213, 214, 218, 219, 220, 222, 223, 225, 226, 228], "excluded_lines": []}}}, "src/api/config.py": {"executed_lines": [], "summary": {"covered_lines": 0, "num_statements": 201, "percent_covered": 0.0, "percent_covered_display": "0", "missing_lines": 201, "excluded_lines": 0}, "missing_lines": [3, 4, 5, 7, 8, 10, 11, 12, 13, 15, 16, 19, 22, 23, 24, 27, 28, 29, 32, 35, 37, 38, 39, 41, 42, 43, 44, 45, 46, 47, 48, 50, 53, 56, 59, 62, 65, 68, 73, 74, 81, 82, 85, 87, 96, 97, 103, 104, 114, 115, 118, 119, 122, 123, 124, 125, 128, 131, 132, 134, 138, 141, 145, 149, 151, 152, 155, 158, 160, 161, 162, 163, 165, 172, 173, 174, 175, 181, 182, 192, 193, 194, 197, 198, 201, 204, 205, 208, 211, 212, 213, 216, 217, 218, 220, 221, 224, 226, 227, 233, 235, 237, 238, 240, 247, 248, 249, 250, 256, 257, 264, 279, 280, 290, 291, 294, 295, 297, 298, 304, 305, 307, 309, 310, 312, 319, 320, 321, 322, 328, 329, 336, 337, 340, 349, 350, 352, 354, 355, 357, 363, 364, 370, 372, 373, 375, 376, 377, 380, 382, 383, 384, 387, 389, 390, 391, 392, 395, 397, 398, 399, 400, 401, 402, 403, 404, 405, 406, 407, 408, 411, 413, 424, 426, 428, 429, 432, 433, 434, 435, 438, 439, 440, 441, 444, 445, 446, 448, 449, 451, 452, 455, 464, 466, 469, 470, 471, 472, 474, 477, 482], "excluded_lines": [], "functions": {"UpdateRootsRequest.validate_roots": {"executed_lines": [], "summary": {"covered_lines": 0, "num_statements": 9, "percent_covered": 0.0, "percent_covered_display": "0", "missing_lines": 9, "excluded_lines": 0}, "missing_lines": [41, 42, 43, 44, 45, 46, 47, 48, 50], "excluded_lines": []}, "get_configuration": {"executed_lines": [], "summary": {"covered_lines": 0, "num_statements": 6, "percent_covered": 0.0, "percent_covered_display": "0", "missing_lines": 6, "excluded_lines": 0}, "missing_lines": [81, 82, 85, 87, 96, 97], "excluded_lines": []}, "update_root_folders": {"executed_lines": [], "summary": {"covered_lines": 0, "num_statements": 29, "percent_covered": 0.0, "percent_covered_display": "0", "missing_lines": 29, "excluded_lines": 0}, "missing_lines": [114, 115, 118, 119, 122, 123, 124, 125, 128, 131, 132, 134, 138, 141, 145, 149, 151, 152, 155, 158, 160, 161, 162, 163, 165, 172, 173, 174, 175], "excluded_lines": []}, "update_configuration": {"executed_lines": [], "summary": {"covered_lines": 0, "num_statements": 29, "percent_covered": 0.0, "percent_covered_display": "0", "missing_lines": 29, "excluded_lines": 0}, "missing_lines": [192, 193, 194, 197, 198, 201, 204, 205, 208, 211, 212, 213, 216, 217, 218, 220, 221, 224, 226, 227, 233, 235, 237, 238, 240, 247, 248, 249, 250], "excluded_lines": []}, "get_default_configuration": {"executed_lines": [], "summary": {"covered_lines": 0, "num_statements": 1, "percent_covered": 0.0, "percent_covered_display": "0", "missing_lines": 1, "excluded_lines": 0}, "missing_lines": [264], "excluded_lines": []}, "remove_root_folder": {"executed_lines": [], "summary": {"covered_lines": 0, "num_statements": 16, "percent_covered": 0.0, "percent_covered_display": "0", "missing_lines": 16, "excluded_lines": 0}, "missing_lines": [290, 291, 294, 295, 297, 298, 304, 305, 307, 309, 310, 312, 319, 320, 321, 322], "excluded_lines": []}, "reset_configuration": {"executed_lines": [], "summary": {"covered_lines": 0, "num_statements": 11, "percent_covered": 0.0, "percent_covered_display": "0", "missing_lines": 11, "excluded_lines": 0}, "missing_lines": [336, 337, 340, 349, 350, 352, 354, 355, 357, 363, 364], "excluded_lines": []}, "_parse_json_setting": {"executed_lines": [], "summary": {"covered_lines": 0, "num_statements": 5, "percent_covered": 0.0, "percent_covered_display": "0", "missing_lines": 5, "excluded_lines": 0}, "missing_lines": [372, 373, 375, 376, 377], "excluded_lines": []}, "_parse_boolean_setting": {"executed_lines": [], "summary": {"covered_lines": 0, "num_statements": 3, "percent_covered": 0.0, "percent_covered_display": "0", "missing_lines": 3, "excluded_lines": 0}, "missing_lines": [382, 383, 384], "excluded_lines": []}, "_parse_int_setting": {"executed_lines": [], "summary": {"covered_lines": 0, "num_statements": 4, "percent_covered": 0.0, "percent_covered_display": "0", "missing_lines": 4, "excluded_lines": 0}, "missing_lines": [389, 390, 391, 392], "excluded_lines": []}, "_parse_setting_value": {"executed_lines": [], "summary": {"covered_lines": 0, "num_statements": 12, "percent_covered": 0.0, "percent_covered_display": "0", "missing_lines": 12, "excluded_lines": 0}, "missing_lines": [397, 398, 399, 400, 401, 402, 403, 404, 405, 406, 407, 408], "excluded_lines": []}, "_get_config_defaults": {"executed_lines": [], "summary": {"covered_lines": 0, "num_statements": 1, "percent_covered": 0.0, "percent_covered_display": "0", "missing_lines": 1, "excluded_lines": 0}, "missing_lines": [413], "excluded_lines": []}, "_get_config_from_db": {"executed_lines": [], "summary": {"covered_lines": 0, "num_statements": 19, "percent_covered": 0.0, "percent_covered_display": "0", "missing_lines": 19, "excluded_lines": 0}, "missing_lines": [426, 428, 429, 432, 433, 434, 435, 438, 439, 440, 441, 444, 445, 446, 448, 449, 451, 452, 455], "excluded_lines": []}, "_update_config_in_db": {"executed_lines": [], "summary": {"covered_lines": 0, "num_statements": 8, "percent_covered": 0.0, "percent_covered_display": "0", "missing_lines": 8, "excluded_lines": 0}, "missing_lines": [466, 469, 470, 471, 472, 474, 477, 482], "excluded_lines": []}, "": {"executed_lines": [], "summary": {"covered_lines": 0, "num_statements": 48, "percent_covered": 0.0, "percent_covered_display": "0", "missing_lines": 48, "excluded_lines": 0}, "missing_lines": [3, 4, 5, 7, 8, 10, 11, 12, 13, 15, 16, 19, 22, 23, 24, 27, 28, 29, 32, 35, 37, 38, 39, 53, 56, 59, 62, 65, 68, 73, 74, 103, 104, 181, 182, 256, 257, 279, 280, 328, 329, 370, 380, 387, 395, 411, 424, 464], "excluded_lines": []}}, "classes": {"ConfigurationResponse": {"executed_lines": [], "summary": {"covered_lines": 0, "num_statements": 0, "percent_covered": 100.0, "percent_covered_display": "100", "missing_lines": 0, "excluded_lines": 0}, "missing_lines": [], "excluded_lines": []}, "UpdateRootsRequest": {"executed_lines": [], "summary": {"covered_lines": 0, "num_statements": 9, "percent_covered": 0.0, "percent_covered_display": "0", "missing_lines": 9, "excluded_lines": 0}, "missing_lines": [41, 42, 43, 44, 45, 46, 47, 48, 50], "excluded_lines": []}, "UpdateConfigRequest": {"executed_lines": [], "summary": {"covered_lines": 0, "num_statements": 0, "percent_covered": 100.0, "percent_covered_display": "100", "missing_lines": 0, "excluded_lines": 0}, "missing_lines": [], "excluded_lines": []}, "": {"executed_lines": [], "summary": {"covered_lines": 0, "num_statements": 192, "percent_covered": 0.0, "percent_covered_display": "0", "missing_lines": 192, "excluded_lines": 0}, "missing_lines": [3, 4, 5, 7, 8, 10, 11, 12, 13, 15, 16, 19, 22, 23, 24, 27, 28, 29, 32, 35, 37, 38, 39, 53, 56, 59, 62, 65, 68, 73, 74, 81, 82, 85, 87, 96, 97, 103, 104, 114, 115, 118, 119, 122, 123, 124, 125, 128, 131, 132, 134, 138, 141, 145, 149, 151, 152, 155, 158, 160, 161, 162, 163, 165, 172, 173, 174, 175, 181, 182, 192, 193, 194, 197, 198, 201, 204, 205, 208, 211, 212, 213, 216, 217, 218, 220, 221, 224, 226, 227, 233, 235, 237, 238, 240, 247, 248, 249, 250, 256, 257, 264, 279, 280, 290, 291, 294, 295, 297, 298, 304, 305, 307, 309, 310, 312, 319, 320, 321, 322, 328, 329, 336, 337, 340, 349, 350, 352, 354, 355, 357, 363, 364, 370, 372, 373, 375, 376, 377, 380, 382, 383, 384, 387, 389, 390, 391, 392, 395, 397, 398, 399, 400, 401, 402, 403, 404, 405, 406, 407, 408, 411, 413, 424, 426, 428, 429, 432, 433, 434, 435, 438, 439, 440, 441, 444, 445, 446, 448, 449, 451, 452, 455, 464, 466, 469, 470, 471, 472, 474, 477, 482], "excluded_lines": []}}}, "src/api/dependencies.py": {"executed_lines": [], "summary": {"covered_lines": 0, "num_statements": 253, "percent_covered": 0.0, "percent_covered_display": "0", "missing_lines": 253, "excluded_lines": 0}, "missing_lines": [3, 4, 5, 6, 7, 8, 9, 11, 12, 14, 16, 17, 20, 21, 24, 27, 28, 29, 30, 31, 34, 37, 38, 39, 42, 46, 52, 54, 55, 56, 57, 58, 59, 62, 63, 66, 67, 68, 71, 72, 73, 74, 75, 77, 78, 82, 85, 93, 94, 95, 96, 97, 100, 103, 104, 107, 108, 109, 110, 111, 112, 113, 114, 115, 117, 118, 119, 120, 121, 125, 126, 127, 128, 129, 132, 133, 134, 137, 138, 141, 142, 144, 146, 147, 148, 149, 150, 151, 152, 153, 154, 155, 156, 160, 161, 162, 163, 165, 166, 167, 168, 171, 179, 181, 184, 185, 186, 188, 189, 190, 191, 194, 195, 198, 199, 202, 203, 204, 206, 207, 208, 211, 212, 213, 215, 216, 217, 219, 220, 221, 224, 225, 226, 228, 229, 231, 232, 233, 235, 238, 243, 244, 251, 253, 255, 257, 258, 263, 264, 265, 266, 267, 268, 269, 272, 273, 281, 284, 290, 291, 302, 305, 306, 316, 317, 328, 329, 340, 341, 352, 363, 364, 366, 367, 374, 376, 378, 387, 388, 397, 404, 406, 407, 419, 420, 421, 423, 424, 425, 430, 431, 432, 436, 437, 438, 440, 441, 444, 445, 446, 449, 450, 454, 457, 458, 462, 466, 468, 471, 474, 479, 480, 490, 491, 492, 495, 497, 500, 501, 511, 515, 517, 521, 527, 529, 537, 538, 543, 550, 552, 553, 554, 559, 561, 563, 575, 577, 586, 587, 589, 590, 591, 598, 599, 601, 604, 605, 611, 617, 618, 622, 623, 624], "excluded_lines": [], "functions": {"_to_str_or_none": {"executed_lines": [], "summary": {"covered_lines": 0, "num_statements": 6, "percent_covered": 0.0, "percent_covered_display": "0", "missing_lines": 6, "excluded_lines": 0}, "missing_lines": [54, 55, 56, 57, 58, 59], "excluded_lines": []}, "timeout": {"executed_lines": [], "summary": {"covered_lines": 0, "num_statements": 9, "percent_covered": 0.0, "percent_covered_display": "0", "missing_lines": 9, "excluded_lines": 0}, "missing_lines": [66, 71, 72, 73, 74, 75, 77, 78, 82], "excluded_lines": []}, "timeout.timeout_handler": {"executed_lines": [], "summary": {"covered_lines": 0, "num_statements": 2, "percent_covered": 0.0, "percent_covered_display": "0", "missing_lines": 2, "excluded_lines": 0}, "missing_lines": [67, 68], "excluded_lines": []}, "check_python_package": {"executed_lines": [], "summary": {"covered_lines": 0, "num_statements": 54, "percent_covered": 0.0, "percent_covered_display": "0", "missing_lines": 54, "excluded_lines": 0}, "missing_lines": [93, 94, 95, 96, 97, 100, 103, 104, 107, 108, 109, 110, 111, 112, 113, 114, 115, 117, 118, 119, 120, 121, 125, 126, 127, 128, 129, 132, 133, 134, 137, 138, 141, 142, 144, 146, 147, 148, 149, 150, 151, 152, 153, 154, 155, 156, 160, 161, 162, 163, 165, 166, 167, 168], "excluded_lines": []}, "verify_model_functionality": {"executed_lines": [], "summary": {"covered_lines": 0, "num_statements": 37, "percent_covered": 0.0, "percent_covered_display": "0", "missing_lines": 37, "excluded_lines": 0}, "missing_lines": [179, 181, 184, 185, 186, 188, 189, 190, 191, 194, 195, 198, 199, 202, 203, 204, 206, 207, 208, 211, 212, 213, 215, 216, 217, 219, 220, 221, 224, 225, 226, 228, 229, 231, 232, 233, 235], "excluded_lines": []}, "check_system_command": {"executed_lines": [], "summary": {"covered_lines": 0, "num_statements": 14, "percent_covered": 0.0, "percent_covered_display": "0", "missing_lines": 14, "excluded_lines": 0}, "missing_lines": [243, 244, 251, 253, 255, 257, 258, 263, 264, 265, 266, 267, 268, 269], "excluded_lines": []}, "get_dependencies_status": {"executed_lines": [], "summary": {"covered_lines": 0, "num_statements": 21, "percent_covered": 0.0, "percent_covered_display": "0", "missing_lines": 21, "excluded_lines": 0}, "missing_lines": [281, 284, 290, 291, 302, 305, 306, 316, 317, 328, 329, 340, 341, 352, 363, 364, 366, 367, 374, 376, 378], "excluded_lines": []}, "verify_dependencies": {"executed_lines": [], "summary": {"covered_lines": 0, "num_statements": 29, "percent_covered": 0.0, "percent_covered_display": "0", "missing_lines": 29, "excluded_lines": 0}, "missing_lines": [397, 404, 406, 407, 419, 420, 421, 423, 424, 425, 430, 431, 432, 436, 437, 438, 440, 441, 444, 445, 446, 449, 450, 454, 457, 458, 462, 466, 468], "excluded_lines": []}, "install_dependencies": {"executed_lines": [], "summary": {"covered_lines": 0, "num_statements": 41, "percent_covered": 0.0, "percent_covered_display": "0", "missing_lines": 41, "excluded_lines": 0}, "missing_lines": [490, 491, 492, 495, 497, 500, 501, 511, 515, 517, 521, 527, 529, 537, 538, 543, 550, 552, 553, 554, 559, 561, 563, 575, 577, 586, 587, 589, 590, 591, 598, 599, 601, 604, 605, 611, 617, 618, 622, 623, 624], "excluded_lines": []}, "": {"executed_lines": [], "summary": {"covered_lines": 0, "num_statements": 40, "percent_covered": 0.0, "percent_covered_display": "0", "missing_lines": 40, "excluded_lines": 0}, "missing_lines": [3, 4, 5, 6, 7, 8, 9, 11, 12, 14, 16, 17, 20, 21, 24, 27, 28, 29, 30, 31, 34, 37, 38, 39, 42, 46, 52, 62, 63, 85, 171, 238, 272, 273, 387, 388, 471, 474, 479, 480], "excluded_lines": []}}, "classes": {"DependencyStatus": {"executed_lines": [], "summary": {"covered_lines": 0, "num_statements": 0, "percent_covered": 100.0, "percent_covered_display": "100", "missing_lines": 0, "excluded_lines": 0}, "missing_lines": [], "excluded_lines": []}, "DependenciesResponse": {"executed_lines": [], "summary": {"covered_lines": 0, "num_statements": 0, "percent_covered": 100.0, "percent_covered_display": "100", "missing_lines": 0, "excluded_lines": 0}, "missing_lines": [], "excluded_lines": []}, "InstallRequest": {"executed_lines": [], "summary": {"covered_lines": 0, "num_statements": 0, "percent_covered": 100.0, "percent_covered_display": "100", "missing_lines": 0, "excluded_lines": 0}, "missing_lines": [], "excluded_lines": []}, "": {"executed_lines": [], "summary": {"covered_lines": 0, "num_statements": 253, "percent_covered": 0.0, "percent_covered_display": "0", "missing_lines": 253, "excluded_lines": 0}, "missing_lines": [3, 4, 5, 6, 7, 8, 9, 11, 12, 14, 16, 17, 20, 21, 24, 27, 28, 29, 30, 31, 34, 37, 38, 39, 42, 46, 52, 54, 55, 56, 57, 58, 59, 62, 63, 66, 67, 68, 71, 72, 73, 74, 75, 77, 78, 82, 85, 93, 94, 95, 96, 97, 100, 103, 104, 107, 108, 109, 110, 111, 112, 113, 114, 115, 117, 118, 119, 120, 121, 125, 126, 127, 128, 129, 132, 133, 134, 137, 138, 141, 142, 144, 146, 147, 148, 149, 150, 151, 152, 153, 154, 155, 156, 160, 161, 162, 163, 165, 166, 167, 168, 171, 179, 181, 184, 185, 186, 188, 189, 190, 191, 194, 195, 198, 199, 202, 203, 204, 206, 207, 208, 211, 212, 213, 215, 216, 217, 219, 220, 221, 224, 225, 226, 228, 229, 231, 232, 233, 235, 238, 243, 244, 251, 253, 255, 257, 258, 263, 264, 265, 266, 267, 268, 269, 272, 273, 281, 284, 290, 291, 302, 305, 306, 316, 317, 328, 329, 340, 341, 352, 363, 364, 366, 367, 374, 376, 378, 387, 388, 397, 404, 406, 407, 419, 420, 421, 423, 424, 425, 430, 431, 432, 436, 437, 438, 440, 441, 444, 445, 446, 449, 450, 454, 457, 458, 462, 466, 468, 471, 474, 479, 480, 490, 491, 492, 495, 497, 500, 501, 511, 515, 517, 521, 527, 529, 537, 538, 543, 550, 552, 553, 554, 559, 561, 563, 575, 577, 586, 587, 589, 590, 591, 598, 599, 601, 604, 605, 611, 617, 618, 622, 623, 624], "excluded_lines": []}}}, "src/api/health.py": {"executed_lines": [], "summary": {"covered_lines": 0, "num_statements": 129, "percent_covered": 0.0, "percent_covered_display": "0", "missing_lines": 129, "excluded_lines": 0}, "missing_lines": [3, 4, 5, 6, 8, 9, 11, 13, 16, 17, 25, 27, 28, 29, 30, 33, 41, 42, 45, 47, 49, 52, 55, 57, 71, 72, 75, 77, 78, 81, 82, 84, 86, 88, 96, 98, 99, 102, 104, 107, 108, 110, 111, 112, 115, 116, 118, 119, 120, 123, 124, 126, 127, 128, 131, 132, 134, 141, 142, 143, 145, 149, 150, 156, 157, 159, 160, 161, 167, 168, 170, 171, 172, 173, 174, 175, 176, 182, 183, 187, 191, 198, 199, 206, 208, 216, 217, 220, 221, 224, 225, 228, 229, 232, 238, 240, 241, 246, 248, 249, 251, 252, 253, 255, 260, 261, 264, 266, 277, 279, 281, 282, 285, 287, 289, 307, 308, 311, 312, 319, 321, 322, 324, 326, 335, 336, 343, 344, 351], "excluded_lines": [], "functions": {"health_check": {"executed_lines": [], "summary": {"covered_lines": 0, "num_statements": 8, "percent_covered": 0.0, "percent_covered_display": "0", "missing_lines": 8, "excluded_lines": 0}, "missing_lines": [25, 27, 28, 29, 30, 33, 41, 42], "excluded_lines": []}, "_get_system_info": {"executed_lines": [], "summary": {"covered_lines": 0, "num_statements": 7, "percent_covered": 0.0, "percent_covered_display": "0", "missing_lines": 7, "excluded_lines": 0}, "missing_lines": [47, 49, 52, 55, 57, 71, 72], "excluded_lines": []}, "_check_database_health": {"executed_lines": [], "summary": {"covered_lines": 0, "num_statements": 10, "percent_covered": 0.0, "percent_covered_display": "0", "missing_lines": 10, "excluded_lines": 0}, "missing_lines": [77, 78, 81, 82, 84, 86, 88, 96, 98, 99], "excluded_lines": []}, "_check_dependencies": {"executed_lines": [], "summary": {"covered_lines": 0, "num_statements": 43, "percent_covered": 0.0, "percent_covered_display": "0", "missing_lines": 43, "excluded_lines": 0}, "missing_lines": [104, 107, 108, 110, 111, 112, 115, 116, 118, 119, 120, 123, 124, 126, 127, 128, 131, 132, 134, 141, 142, 143, 145, 149, 150, 156, 157, 159, 160, 161, 167, 168, 170, 171, 172, 173, 174, 175, 176, 182, 183, 187, 191], "excluded_lines": []}, "detailed_health_check": {"executed_lines": [], "summary": {"covered_lines": 0, "num_statements": 14, "percent_covered": 0.0, "percent_covered_display": "0", "missing_lines": 14, "excluded_lines": 0}, "missing_lines": [206, 208, 216, 217, 220, 221, 224, 225, 228, 229, 232, 238, 240, 241], "excluded_lines": []}, "_get_uptime": {"executed_lines": [], "summary": {"covered_lines": 0, "num_statements": 8, "percent_covered": 0.0, "percent_covered_display": "0", "missing_lines": 8, "excluded_lines": 0}, "missing_lines": [248, 249, 251, 252, 253, 255, 260, 261], "excluded_lines": []}, "_get_environment_info": {"executed_lines": [], "summary": {"covered_lines": 0, "num_statements": 1, "percent_covered": 0.0, "percent_covered_display": "0", "missing_lines": 1, "excluded_lines": 0}, "missing_lines": [266], "excluded_lines": []}, "_get_performance_metrics": {"executed_lines": [], "summary": {"covered_lines": 0, "num_statements": 8, "percent_covered": 0.0, "percent_covered_display": "0", "missing_lines": 8, "excluded_lines": 0}, "missing_lines": [279, 281, 282, 285, 287, 289, 307, 308], "excluded_lines": []}, "readiness_check": {"executed_lines": [], "summary": {"covered_lines": 0, "num_statements": 7, "percent_covered": 0.0, "percent_covered_display": "0", "missing_lines": 7, "excluded_lines": 0}, "missing_lines": [319, 321, 322, 324, 326, 335, 336], "excluded_lines": []}, "liveness_check": {"executed_lines": [], "summary": {"covered_lines": 0, "num_statements": 1, "percent_covered": 0.0, "percent_covered_display": "0", "missing_lines": 1, "excluded_lines": 0}, "missing_lines": [351], "excluded_lines": []}, "": {"executed_lines": [], "summary": {"covered_lines": 0, "num_statements": 22, "percent_covered": 0.0, "percent_covered_display": "0", "missing_lines": 22, "excluded_lines": 0}, "missing_lines": [3, 4, 5, 6, 8, 9, 11, 13, 16, 17, 45, 75, 102, 198, 199, 246, 264, 277, 311, 312, 343, 344], "excluded_lines": []}}, "classes": {"": {"executed_lines": [], "summary": {"covered_lines": 0, "num_statements": 129, "percent_covered": 0.0, "percent_covered_display": "0", "missing_lines": 129, "excluded_lines": 0}, "missing_lines": [3, 4, 5, 6, 8, 9, 11, 13, 16, 17, 25, 27, 28, 29, 30, 33, 41, 42, 45, 47, 49, 52, 55, 57, 71, 72, 75, 77, 78, 81, 82, 84, 86, 88, 96, 98, 99, 102, 104, 107, 108, 110, 111, 112, 115, 116, 118, 119, 120, 123, 124, 126, 127, 128, 131, 132, 134, 141, 142, 143, 145, 149, 150, 156, 157, 159, 160, 161, 167, 168, 170, 171, 172, 173, 174, 175, 176, 182, 183, 187, 191, 198, 199, 206, 208, 216, 217, 220, 221, 224, 225, 228, 229, 232, 238, 240, 241, 246, 248, 249, 251, 252, 253, 255, 260, 261, 264, 266, 277, 279, 281, 282, 285, 287, 289, 307, 308, 311, 312, 319, 321, 322, 324, 326, 335, 336, 343, 344, 351], "excluded_lines": []}}}, "src/api/indexing.py": {"executed_lines": [], "summary": {"covered_lines": 0, "num_statements": 368, "percent_covered": 0.0, "percent_covered_display": "0", "missing_lines": 368, "excluded_lines": 0}, "missing_lines": [3, 4, 5, 6, 7, 8, 10, 11, 13, 14, 15, 16, 18, 19, 22, 25, 26, 27, 28, 29, 34, 36, 40, 42, 43, 44, 46, 47, 50, 51, 52, 55, 56, 58, 61, 64, 68, 80, 81, 97, 100, 104, 107, 108, 115, 117, 118, 121, 135, 136, 137, 139, 148, 154, 155, 156, 158, 164, 165, 173, 174, 175, 178, 179, 180, 184, 186, 195, 196, 205, 206, 211, 213, 214, 216, 218, 220, 225, 226, 232, 233, 240, 243, 244, 246, 247, 252, 253, 258, 261, 262, 264, 265, 269, 270, 275, 278, 279, 281, 282, 283, 288, 291, 292, 294, 298, 299, 306, 312, 313, 319, 322, 323, 330, 331, 334, 337, 367, 368, 374, 377, 378, 379, 380, 381, 382, 383, 384, 385, 386, 387, 390, 391, 394, 396, 397, 398, 399, 400, 402, 411, 413, 414, 415, 418, 421, 423, 424, 427, 429, 430, 431, 433, 434, 435, 436, 438, 439, 442, 443, 446, 447, 448, 449, 450, 452, 457, 468, 469, 470, 471, 473, 474, 477, 481, 482, 483, 486, 487, 490, 492, 493, 494, 495, 498, 500, 501, 503, 504, 505, 506, 507, 513, 547, 548, 549, 550, 554, 557, 558, 559, 561, 562, 565, 566, 569, 571, 572, 573, 574, 577, 579, 581, 582, 584, 585, 586, 587, 592, 610, 611, 612, 613, 617, 620, 621, 622, 623, 624, 625, 628, 629, 632, 634, 635, 638, 641, 643, 644, 645, 646, 647, 648, 653, 661, 662, 663, 664, 668, 669, 670, 673, 674, 675, 678, 680, 681, 682, 683, 686, 688, 689, 692, 693, 694, 695, 699, 700, 702, 704, 709, 710, 711, 712, 716, 718, 719, 720, 721, 722, 725, 728, 732, 733, 738, 739, 740, 742, 743, 744, 745, 748, 749, 750, 751, 753, 757, 761, 764, 765, 766, 767, 770, 771, 774, 777, 778, 779, 782, 783, 784, 787, 788, 791, 792, 795, 796, 797, 798, 799, 801, 802, 803, 804, 805, 806, 807, 810, 812, 813, 814, 816, 817, 818, 819, 820, 822, 823, 824, 825, 826, 827, 829, 832, 833, 834, 835, 837, 839, 840, 843, 848, 849, 851, 855, 858, 860, 861, 862, 863, 865, 868, 870, 871, 872, 873, 874, 875], "excluded_lines": [], "functions": {"_calculate_estimated_completion": {"executed_lines": [], "summary": {"covered_lines": 0, "num_statements": 13, "percent_covered": 0.0, "percent_covered_display": "0", "missing_lines": 13, "excluded_lines": 0}, "missing_lines": [36, 40, 42, 43, 44, 46, 47, 50, 51, 52, 55, 56, 58], "excluded_lines": []}, "start_indexing": {"executed_lines": [], "summary": {"covered_lines": 0, "num_statements": 18, "percent_covered": 0.0, "percent_covered_display": "0", "missing_lines": 18, "excluded_lines": 0}, "missing_lines": [97, 100, 104, 107, 108, 115, 117, 118, 121, 135, 136, 137, 139, 148, 154, 155, 156, 158], "excluded_lines": []}, "get_indexing_status": {"executed_lines": [], "summary": {"covered_lines": 0, "num_statements": 8, "percent_covered": 0.0, "percent_covered_display": "0", "missing_lines": 8, "excluded_lines": 0}, "missing_lines": [173, 174, 175, 178, 179, 180, 184, 186], "excluded_lines": []}, "stop_indexing": {"executed_lines": [], "summary": {"covered_lines": 0, "num_statements": 10, "percent_covered": 0.0, "percent_covered_display": "0", "missing_lines": 10, "excluded_lines": 0}, "missing_lines": [205, 206, 211, 213, 214, 216, 218, 220, 225, 226], "excluded_lines": []}, "get_model_diagnostics": {"executed_lines": [], "summary": {"covered_lines": 0, "num_statements": 30, "percent_covered": 0.0, "percent_covered_display": "0", "missing_lines": 30, "excluded_lines": 0}, "missing_lines": [240, 243, 244, 246, 247, 252, 253, 258, 261, 262, 264, 265, 269, 270, 275, 278, 279, 281, 282, 283, 288, 291, 292, 294, 298, 299, 306, 312, 313, 319], "excluded_lines": []}, "get_indexing_statistics": {"executed_lines": [], "summary": {"covered_lines": 0, "num_statements": 6, "percent_covered": 0.0, "percent_covered_display": "0", "missing_lines": 6, "excluded_lines": 0}, "missing_lines": [330, 331, 334, 337, 367, 368], "excluded_lines": []}, "_monitor_indexing_task": {"executed_lines": [], "summary": {"covered_lines": 0, "num_statements": 13, "percent_covered": 0.0, "percent_covered_display": "0", "missing_lines": 13, "excluded_lines": 0}, "missing_lines": [377, 378, 379, 380, 381, 382, 383, 384, 385, 386, 387, 390, 391], "excluded_lines": []}, "_setup_indexing_workers": {"executed_lines": [], "summary": {"covered_lines": 0, "num_statements": 6, "percent_covered": 0.0, "percent_covered_display": "0", "missing_lines": 6, "excluded_lines": 0}, "missing_lines": [396, 397, 398, 399, 400, 402], "excluded_lines": []}, "_check_cancellation": {"executed_lines": [], "summary": {"covered_lines": 0, "num_statements": 3, "percent_covered": 0.0, "percent_covered_display": "0", "missing_lines": 3, "excluded_lines": 0}, "missing_lines": [413, 414, 415], "excluded_lines": []}, "_run_discovery_phase": {"executed_lines": [], "summary": {"covered_lines": 0, "num_statements": 28, "percent_covered": 0.0, "percent_covered_display": "0", "missing_lines": 28, "excluded_lines": 0}, "missing_lines": [421, 423, 424, 427, 429, 430, 431, 433, 434, 435, 436, 438, 439, 442, 443, 446, 447, 448, 449, 450, 452, 457, 468, 469, 470, 471, 473, 474], "excluded_lines": []}, "_run_processing_phases": {"executed_lines": [], "summary": {"covered_lines": 0, "num_statements": 107, "percent_covered": 0.0, "percent_covered_display": "0", "missing_lines": 107, "excluded_lines": 0}, "missing_lines": [481, 482, 483, 486, 487, 490, 492, 493, 494, 495, 498, 500, 501, 503, 504, 505, 506, 507, 513, 547, 548, 549, 550, 554, 557, 558, 559, 561, 562, 565, 566, 569, 571, 572, 573, 574, 577, 579, 581, 582, 584, 585, 586, 587, 592, 610, 611, 612, 613, 617, 620, 621, 622, 623, 624, 625, 628, 629, 632, 634, 635, 638, 641, 643, 644, 645, 646, 647, 648, 653, 661, 662, 663, 664, 668, 669, 670, 673, 674, 675, 678, 680, 681, 682, 683, 686, 688, 689, 692, 693, 694, 695, 699, 700, 702, 704, 709, 710, 711, 712, 716, 718, 719, 720, 721, 722, 725], "excluded_lines": []}, "_run_indexing_process": {"executed_lines": [], "summary": {"covered_lines": 0, "num_statements": 45, "percent_covered": 0.0, "percent_covered_display": "0", "missing_lines": 45, "excluded_lines": 0}, "missing_lines": [732, 733, 738, 739, 740, 742, 743, 744, 745, 748, 749, 750, 751, 753, 757, 761, 764, 765, 766, 767, 770, 771, 774, 777, 778, 779, 782, 783, 784, 787, 788, 791, 792, 795, 796, 797, 798, 799, 801, 802, 803, 804, 805, 806, 807], "excluded_lines": []}, "_get_config_from_db": {"executed_lines": [], "summary": {"covered_lines": 0, "num_statements": 22, "percent_covered": 0.0, "percent_covered_display": "0", "missing_lines": 22, "excluded_lines": 0}, "missing_lines": [812, 813, 814, 816, 817, 818, 819, 820, 822, 823, 824, 825, 826, 827, 829, 832, 833, 834, 835, 837, 839, 840], "excluded_lines": []}, "_get_photos_for_processing": {"executed_lines": [], "summary": {"covered_lines": 0, "num_statements": 10, "percent_covered": 0.0, "percent_covered_display": "0", "missing_lines": 10, "excluded_lines": 0}, "missing_lines": [848, 849, 851, 855, 858, 860, 861, 862, 863, 865], "excluded_lines": []}, "_get_indexed_photo_count": {"executed_lines": [], "summary": {"covered_lines": 0, "num_statements": 6, "percent_covered": 0.0, "percent_covered_display": "0", "missing_lines": 6, "excluded_lines": 0}, "missing_lines": [870, 871, 872, 873, 874, 875], "excluded_lines": []}, "": {"executed_lines": [], "summary": {"covered_lines": 0, "num_statements": 43, "percent_covered": 0.0, "percent_covered_display": "0", "missing_lines": 43, "excluded_lines": 0}, "missing_lines": [3, 4, 5, 6, 7, 8, 10, 11, 13, 14, 15, 16, 18, 19, 22, 25, 26, 27, 28, 29, 34, 61, 64, 68, 80, 81, 164, 165, 195, 196, 232, 233, 322, 323, 374, 394, 411, 418, 477, 728, 810, 843, 868], "excluded_lines": []}}, "classes": {"IndexStatus": {"executed_lines": [], "summary": {"covered_lines": 0, "num_statements": 0, "percent_covered": 100.0, "percent_covered_display": "100", "missing_lines": 0, "excluded_lines": 0}, "missing_lines": [], "excluded_lines": []}, "StartIndexRequest": {"executed_lines": [], "summary": {"covered_lines": 0, "num_statements": 0, "percent_covered": 100.0, "percent_covered_display": "100", "missing_lines": 0, "excluded_lines": 0}, "missing_lines": [], "excluded_lines": []}, "": {"executed_lines": [], "summary": {"covered_lines": 0, "num_statements": 368, "percent_covered": 0.0, "percent_covered_display": "0", "missing_lines": 368, "excluded_lines": 0}, "missing_lines": [3, 4, 5, 6, 7, 8, 10, 11, 13, 14, 15, 16, 18, 19, 22, 25, 26, 27, 28, 29, 34, 36, 40, 42, 43, 44, 46, 47, 50, 51, 52, 55, 56, 58, 61, 64, 68, 80, 81, 97, 100, 104, 107, 108, 115, 117, 118, 121, 135, 136, 137, 139, 148, 154, 155, 156, 158, 164, 165, 173, 174, 175, 178, 179, 180, 184, 186, 195, 196, 205, 206, 211, 213, 214, 216, 218, 220, 225, 226, 232, 233, 240, 243, 244, 246, 247, 252, 253, 258, 261, 262, 264, 265, 269, 270, 275, 278, 279, 281, 282, 283, 288, 291, 292, 294, 298, 299, 306, 312, 313, 319, 322, 323, 330, 331, 334, 337, 367, 368, 374, 377, 378, 379, 380, 381, 382, 383, 384, 385, 386, 387, 390, 391, 394, 396, 397, 398, 399, 400, 402, 411, 413, 414, 415, 418, 421, 423, 424, 427, 429, 430, 431, 433, 434, 435, 436, 438, 439, 442, 443, 446, 447, 448, 449, 450, 452, 457, 468, 469, 470, 471, 473, 474, 477, 481, 482, 483, 486, 487, 490, 492, 493, 494, 495, 498, 500, 501, 503, 504, 505, 506, 507, 513, 547, 548, 549, 550, 554, 557, 558, 559, 561, 562, 565, 566, 569, 571, 572, 573, 574, 577, 579, 581, 582, 584, 585, 586, 587, 592, 610, 611, 612, 613, 617, 620, 621, 622, 623, 624, 625, 628, 629, 632, 634, 635, 638, 641, 643, 644, 645, 646, 647, 648, 653, 661, 662, 663, 664, 668, 669, 670, 673, 674, 675, 678, 680, 681, 682, 683, 686, 688, 689, 692, 693, 694, 695, 699, 700, 702, 704, 709, 710, 711, 712, 716, 718, 719, 720, 721, 722, 725, 728, 732, 733, 738, 739, 740, 742, 743, 744, 745, 748, 749, 750, 751, 753, 757, 761, 764, 765, 766, 767, 770, 771, 774, 777, 778, 779, 782, 783, 784, 787, 788, 791, 792, 795, 796, 797, 798, 799, 801, 802, 803, 804, 805, 806, 807, 810, 812, 813, 814, 816, 817, 818, 819, 820, 822, 823, 824, 825, 826, 827, 829, 832, 833, 834, 835, 837, 839, 840, 843, 848, 849, 851, 855, 858, 860, 861, 862, 863, 865, 868, 870, 871, 872, 873, 874, 875], "excluded_lines": []}}}, "src/api/logs.py": {"executed_lines": [], "summary": {"covered_lines": 0, "num_statements": 58, "percent_covered": 0.0, "percent_covered_display": "0", "missing_lines": 58, "excluded_lines": 0}, "missing_lines": [3, 4, 6, 7, 9, 11, 12, 15, 18, 19, 20, 21, 22, 25, 26, 29, 32, 33, 34, 37, 40, 41, 44, 47, 48, 58, 60, 63, 64, 65, 68, 70, 76, 77, 78, 79, 80, 81, 82, 83, 85, 87, 89, 92, 93, 103, 105, 108, 113, 114, 118, 124, 127, 128, 130, 131, 133, 135], "excluded_lines": [], "functions": {"submit_client_logs": {"executed_lines": [], "summary": {"covered_lines": 0, "num_statements": 18, "percent_covered": 0.0, "percent_covered_display": "0", "missing_lines": 18, "excluded_lines": 0}, "missing_lines": [58, 60, 63, 64, 65, 68, 70, 76, 77, 78, 79, 80, 81, 82, 83, 85, 87, 89], "excluded_lines": []}, "submit_error_report": {"executed_lines": [], "summary": {"covered_lines": 0, "num_statements": 13, "percent_covered": 0.0, "percent_covered_display": "0", "missing_lines": 13, "excluded_lines": 0}, "missing_lines": [103, 105, 108, 113, 114, 118, 124, 127, 128, 130, 131, 133, 135], "excluded_lines": []}, "": {"executed_lines": [], "summary": {"covered_lines": 0, "num_statements": 27, "percent_covered": 0.0, "percent_covered_display": "0", "missing_lines": 27, "excluded_lines": 0}, "missing_lines": [3, 4, 6, 7, 9, 11, 12, 15, 18, 19, 20, 21, 22, 25, 26, 29, 32, 33, 34, 37, 40, 41, 44, 47, 48, 92, 93], "excluded_lines": []}}, "classes": {"LogEntry": {"executed_lines": [], "summary": {"covered_lines": 0, "num_statements": 0, "percent_covered": 100.0, "percent_covered_display": "100", "missing_lines": 0, "excluded_lines": 0}, "missing_lines": [], "excluded_lines": []}, "ErrorReport": {"executed_lines": [], "summary": {"covered_lines": 0, "num_statements": 0, "percent_covered": 100.0, "percent_covered_display": "100", "missing_lines": 0, "excluded_lines": 0}, "missing_lines": [], "excluded_lines": []}, "": {"executed_lines": [], "summary": {"covered_lines": 0, "num_statements": 58, "percent_covered": 0.0, "percent_covered_display": "0", "missing_lines": 58, "excluded_lines": 0}, "missing_lines": [3, 4, 6, 7, 9, 11, 12, 15, 18, 19, 20, 21, 22, 25, 26, 29, 32, 33, 34, 37, 40, 41, 44, 47, 48, 58, 60, 63, 64, 65, 68, 70, 76, 77, 78, 79, 80, 81, 82, 83, 85, 87, 89, 92, 93, 103, 105, 108, 113, 114, 118, 124, 127, 128, 130, 131, 133, 135], "excluded_lines": []}}}, "src/api/models.py": {"executed_lines": [], "summary": {"covered_lines": 0, "num_statements": 81, "percent_covered": 0.0, "percent_covered_display": "0", "missing_lines": 81, "excluded_lines": 0}, "missing_lines": [3, 4, 6, 9, 12, 13, 14, 19, 22, 23, 24, 25, 28, 31, 32, 37, 40, 41, 42, 43, 44, 45, 46, 47, 50, 51, 56, 59, 60, 61, 64, 67, 68, 69, 70, 73, 76, 77, 78, 81, 84, 85, 86, 89, 90, 93, 96, 97, 98, 101, 104, 107, 108, 109, 110, 111, 114, 117, 118, 119, 120, 121, 124, 127, 130, 131, 132, 137, 140, 141, 142, 143, 144, 145, 148, 151, 152, 153, 154, 155, 159], "excluded_lines": [], "functions": {"": {"executed_lines": [], "summary": {"covered_lines": 0, "num_statements": 81, "percent_covered": 0.0, "percent_covered_display": "0", "missing_lines": 81, "excluded_lines": 0}, "missing_lines": [3, 4, 6, 9, 12, 13, 14, 19, 22, 23, 24, 25, 28, 31, 32, 37, 40, 41, 42, 43, 44, 45, 46, 47, 50, 51, 56, 59, 60, 61, 64, 67, 68, 69, 70, 73, 76, 77, 78, 81, 84, 85, 86, 89, 90, 93, 96, 97, 98, 101, 104, 107, 108, 109, 110, 111, 114, 117, 118, 119, 120, 121, 124, 127, 130, 131, 132, 137, 140, 141, 142, 143, 144, 145, 148, 151, 152, 153, 154, 155, 159], "excluded_lines": []}}, "classes": {"BaseResponse": {"executed_lines": [], "summary": {"covered_lines": 0, "num_statements": 0, "percent_covered": 100.0, "percent_covered_display": "100", "missing_lines": 0, "excluded_lines": 0}, "missing_lines": [], "excluded_lines": []}, "ErrorResponse": {"executed_lines": [], "summary": {"covered_lines": 0, "num_statements": 0, "percent_covered": 100.0, "percent_covered_display": "100", "missing_lines": 0, "excluded_lines": 0}, "missing_lines": [], "excluded_lines": []}, "StatusResponse": {"executed_lines": [], "summary": {"covered_lines": 0, "num_statements": 0, "percent_covered": 100.0, "percent_covered_display": "100", "missing_lines": 0, "excluded_lines": 0}, "missing_lines": [], "excluded_lines": []}, "PhotoItem": {"executed_lines": [], "summary": {"covered_lines": 0, "num_statements": 0, "percent_covered": 100.0, "percent_covered_display": "100", "missing_lines": 0, "excluded_lines": 0}, "missing_lines": [], "excluded_lines": []}, "SearchResultItem": {"executed_lines": [], "summary": {"covered_lines": 0, "num_statements": 0, "percent_covered": 100.0, "percent_covered_display": "100", "missing_lines": 0, "excluded_lines": 0}, "missing_lines": [], "excluded_lines": []}, "PaginatedResponse": {"executed_lines": [], "summary": {"covered_lines": 0, "num_statements": 0, "percent_covered": 100.0, "percent_covered_display": "100", "missing_lines": 0, "excluded_lines": 0}, "missing_lines": [], "excluded_lines": []}, "SearchResponse": {"executed_lines": [], "summary": {"covered_lines": 0, "num_statements": 0, "percent_covered": 100.0, "percent_covered_display": "100", "missing_lines": 0, "excluded_lines": 0}, "missing_lines": [], "excluded_lines": []}, "IndexingStatus": {"executed_lines": [], "summary": {"covered_lines": 0, "num_statements": 0, "percent_covered": 100.0, "percent_covered_display": "100", "missing_lines": 0, "excluded_lines": 0}, "missing_lines": [], "excluded_lines": []}, "ConfigItem": {"executed_lines": [], "summary": {"covered_lines": 0, "num_statements": 0, "percent_covered": 100.0, "percent_covered_display": "100", "missing_lines": 0, "excluded_lines": 0}, "missing_lines": [], "excluded_lines": []}, "DependencyStatus": {"executed_lines": [], "summary": {"covered_lines": 0, "num_statements": 0, "percent_covered": 100.0, "percent_covered_display": "100", "missing_lines": 0, "excluded_lines": 0}, "missing_lines": [], "excluded_lines": []}, "HealthStatus": {"executed_lines": [], "summary": {"covered_lines": 0, "num_statements": 0, "percent_covered": 100.0, "percent_covered_display": "100", "missing_lines": 0, "excluded_lines": 0}, "missing_lines": [], "excluded_lines": []}, "BatchOperationRequest": {"executed_lines": [], "summary": {"covered_lines": 0, "num_statements": 0, "percent_covered": 100.0, "percent_covered_display": "100", "missing_lines": 0, "excluded_lines": 0}, "missing_lines": [], "excluded_lines": []}, "BatchOperationResponse": {"executed_lines": [], "summary": {"covered_lines": 0, "num_statements": 0, "percent_covered": 100.0, "percent_covered_display": "100", "missing_lines": 0, "excluded_lines": 0}, "missing_lines": [], "excluded_lines": []}, "PersonModel": {"executed_lines": [], "summary": {"covered_lines": 0, "num_statements": 0, "percent_covered": 100.0, "percent_covered_display": "100", "missing_lines": 0, "excluded_lines": 0}, "missing_lines": [], "excluded_lines": []}, "": {"executed_lines": [], "summary": {"covered_lines": 0, "num_statements": 81, "percent_covered": 0.0, "percent_covered_display": "0", "missing_lines": 81, "excluded_lines": 0}, "missing_lines": [3, 4, 6, 9, 12, 13, 14, 19, 22, 23, 24, 25, 28, 31, 32, 37, 40, 41, 42, 43, 44, 45, 46, 47, 50, 51, 56, 59, 60, 61, 64, 67, 68, 69, 70, 73, 76, 77, 78, 81, 84, 85, 86, 89, 90, 93, 96, 97, 98, 101, 104, 107, 108, 109, 110, 111, 114, 117, 118, 119, 120, 121, 124, 127, 130, 131, 132, 137, 140, 141, 142, 143, 144, 145, 148, 151, 152, 153, 154, 155, 159], "excluded_lines": []}}}, "src/api/people.py": {"executed_lines": [], "summary": {"covered_lines": 0, "num_statements": 225, "percent_covered": 0.0, "percent_covered_display": "0", "missing_lines": 225, "excluded_lines": 0}, "missing_lines": [3, 4, 6, 7, 9, 11, 14, 17, 18, 19, 20, 21, 24, 27, 28, 32, 33, 34, 36, 37, 38, 39, 40, 41, 42, 44, 45, 46, 48, 49, 50, 51, 52, 53, 54, 57, 60, 61, 62, 66, 67, 68, 70, 71, 72, 73, 74, 75, 76, 77, 78, 81, 82, 89, 90, 93, 99, 101, 102, 103, 110, 112, 114, 115, 121, 122, 132, 133, 136, 142, 144, 145, 149, 150, 158, 159, 160, 161, 167, 170, 180, 182, 183, 185, 188, 190, 191, 192, 198, 199, 201, 202, 208, 209, 215, 217, 218, 224, 225, 226, 227, 230, 232, 233, 238, 240, 241, 247, 252, 253, 255, 256, 262, 268, 270, 271, 276, 278, 280, 281, 285, 293, 294, 295, 296, 300, 301, 307, 308, 319, 320, 323, 329, 331, 332, 337, 338, 340, 342, 343, 347, 348, 353, 354, 356, 357, 358, 361, 363, 364, 365, 368, 369, 375, 379, 380, 386, 387, 388, 391, 394, 395, 408, 410, 411, 416, 421, 422, 429, 431, 434, 440, 441, 444, 445, 447, 449, 450, 452, 460, 461, 462, 463, 469, 470, 477, 478, 481, 482, 484, 485, 489, 492, 493, 495, 496, 501, 503, 504, 506, 507, 508, 509, 515, 516, 530, 531, 534, 535, 537, 538, 543, 555, 558, 564, 565, 568, 569, 570, 579, 581, 590, 591, 592, 593], "excluded_lines": [], "functions": {"CreatePersonRequest.validate_name": {"executed_lines": [], "summary": {"covered_lines": 0, "num_statements": 7, "percent_covered": 0.0, "percent_covered_display": "0", "missing_lines": 7, "excluded_lines": 0}, "missing_lines": [36, 37, 38, 39, 40, 41, 42], "excluded_lines": []}, "CreatePersonRequest.validate_sample_file_ids": {"executed_lines": [], "summary": {"covered_lines": 0, "num_statements": 7, "percent_covered": 0.0, "percent_covered_display": "0", "missing_lines": 7, "excluded_lines": 0}, "missing_lines": [48, 49, 50, 51, 52, 53, 54], "excluded_lines": []}, "UpdatePersonRequest.validate_name": {"executed_lines": [], "summary": {"covered_lines": 0, "num_statements": 9, "percent_covered": 0.0, "percent_covered_display": "0", "missing_lines": 9, "excluded_lines": 0}, "missing_lines": [70, 71, 72, 73, 74, 75, 76, 77, 78], "excluded_lines": []}, "list_people": {"executed_lines": [], "summary": {"covered_lines": 0, "num_statements": 11, "percent_covered": 0.0, "percent_covered_display": "0", "missing_lines": 11, "excluded_lines": 0}, "missing_lines": [89, 90, 93, 99, 101, 102, 103, 110, 112, 114, 115], "excluded_lines": []}, "get_person": {"executed_lines": [], "summary": {"covered_lines": 0, "num_statements": 12, "percent_covered": 0.0, "percent_covered_display": "0", "missing_lines": 12, "excluded_lines": 0}, "missing_lines": [132, 133, 136, 142, 144, 145, 149, 150, 158, 159, 160, 161], "excluded_lines": []}, "create_person": {"executed_lines": [], "summary": {"covered_lines": 0, "num_statements": 47, "percent_covered": 0.0, "percent_covered_display": "0", "missing_lines": 47, "excluded_lines": 0}, "missing_lines": [180, 182, 183, 185, 188, 190, 191, 192, 198, 199, 201, 202, 208, 209, 215, 217, 218, 224, 225, 226, 227, 230, 232, 233, 238, 240, 241, 247, 252, 253, 255, 256, 262, 268, 270, 271, 276, 278, 280, 281, 285, 293, 294, 295, 296, 300, 301], "excluded_lines": []}, "update_person": {"executed_lines": [], "summary": {"covered_lines": 0, "num_statements": 54, "percent_covered": 0.0, "percent_covered_display": "0", "missing_lines": 54, "excluded_lines": 0}, "missing_lines": [319, 320, 323, 329, 331, 332, 337, 338, 340, 342, 343, 347, 348, 353, 354, 356, 357, 358, 361, 363, 364, 365, 368, 369, 375, 379, 380, 386, 387, 388, 391, 394, 395, 408, 410, 411, 416, 421, 422, 429, 431, 434, 440, 441, 444, 445, 447, 449, 450, 452, 460, 461, 462, 463], "excluded_lines": []}, "delete_person": {"executed_lines": [], "summary": {"covered_lines": 0, "num_statements": 18, "percent_covered": 0.0, "percent_covered_display": "0", "missing_lines": 18, "excluded_lines": 0}, "missing_lines": [477, 478, 481, 482, 484, 485, 489, 492, 493, 495, 496, 501, 503, 504, 506, 507, 508, 509], "excluded_lines": []}, "get_person_photos": {"executed_lines": [], "summary": {"covered_lines": 0, "num_statements": 20, "percent_covered": 0.0, "percent_covered_display": "0", "missing_lines": 20, "excluded_lines": 0}, "missing_lines": [530, 531, 534, 535, 537, 538, 543, 555, 558, 564, 565, 568, 569, 570, 579, 581, 590, 591, 592, 593], "excluded_lines": []}, "": {"executed_lines": [], "summary": {"covered_lines": 0, "num_statements": 40, "percent_covered": 0.0, "percent_covered_display": "0", "missing_lines": 40, "excluded_lines": 0}, "missing_lines": [3, 4, 6, 7, 9, 11, 14, 17, 18, 19, 20, 21, 24, 27, 28, 32, 33, 34, 44, 45, 46, 57, 60, 61, 62, 66, 67, 68, 81, 82, 121, 122, 167, 170, 307, 308, 469, 470, 515, 516], "excluded_lines": []}}, "classes": {"PersonResponse": {"executed_lines": [], "summary": {"covered_lines": 0, "num_statements": 0, "percent_covered": 100.0, "percent_covered_display": "100", "missing_lines": 0, "excluded_lines": 0}, "missing_lines": [], "excluded_lines": []}, "CreatePersonRequest": {"executed_lines": [], "summary": {"covered_lines": 0, "num_statements": 14, "percent_covered": 0.0, "percent_covered_display": "0", "missing_lines": 14, "excluded_lines": 0}, "missing_lines": [36, 37, 38, 39, 40, 41, 42, 48, 49, 50, 51, 52, 53, 54], "excluded_lines": []}, "UpdatePersonRequest": {"executed_lines": [], "summary": {"covered_lines": 0, "num_statements": 9, "percent_covered": 0.0, "percent_covered_display": "0", "missing_lines": 9, "excluded_lines": 0}, "missing_lines": [70, 71, 72, 73, 74, 75, 76, 77, 78], "excluded_lines": []}, "": {"executed_lines": [], "summary": {"covered_lines": 0, "num_statements": 202, "percent_covered": 0.0, "percent_covered_display": "0", "missing_lines": 202, "excluded_lines": 0}, "missing_lines": [3, 4, 6, 7, 9, 11, 14, 17, 18, 19, 20, 21, 24, 27, 28, 32, 33, 34, 44, 45, 46, 57, 60, 61, 62, 66, 67, 68, 81, 82, 89, 90, 93, 99, 101, 102, 103, 110, 112, 114, 115, 121, 122, 132, 133, 136, 142, 144, 145, 149, 150, 158, 159, 160, 161, 167, 170, 180, 182, 183, 185, 188, 190, 191, 192, 198, 199, 201, 202, 208, 209, 215, 217, 218, 224, 225, 226, 227, 230, 232, 233, 238, 240, 241, 247, 252, 253, 255, 256, 262, 268, 270, 271, 276, 278, 280, 281, 285, 293, 294, 295, 296, 300, 301, 307, 308, 319, 320, 323, 329, 331, 332, 337, 338, 340, 342, 343, 347, 348, 353, 354, 356, 357, 358, 361, 363, 364, 365, 368, 369, 375, 379, 380, 386, 387, 388, 391, 394, 395, 408, 410, 411, 416, 421, 422, 429, 431, 434, 440, 441, 444, 445, 447, 449, 450, 452, 460, 461, 462, 463, 469, 470, 477, 478, 481, 482, 484, 485, 489, 492, 493, 495, 496, 501, 503, 504, 506, 507, 508, 509, 515, 516, 530, 531, 534, 535, 537, 538, 543, 555, 558, 564, 565, 568, 569, 570, 579, 581, 590, 591, 592, 593], "excluded_lines": []}}}, "src/api/search.py": {"executed_lines": [], "summary": {"covered_lines": 0, "num_statements": 241, "percent_covered": 0.0, "percent_covered_display": "0", "missing_lines": 241, "excluded_lines": 0}, "missing_lines": [3, 4, 5, 6, 7, 8, 10, 11, 12, 14, 15, 16, 22, 23, 25, 26, 29, 32, 33, 34, 35, 36, 37, 38, 39, 40, 43, 46, 47, 48, 49, 52, 55, 56, 61, 64, 65, 70, 71, 97, 98, 100, 113, 114, 117, 122, 124, 135, 137, 144, 145, 156, 162, 163, 173, 174, 178, 180, 181, 182, 185, 187, 190, 191, 192, 195, 196, 197, 201, 203, 204, 210, 213, 216, 219, 221, 228, 229, 230, 231, 237, 238, 252, 254, 256, 257, 258, 259, 260, 266, 267, 272, 275, 276, 277, 279, 281, 282, 285, 288, 289, 290, 293, 294, 295, 299, 301, 302, 307, 310, 315, 317, 326, 327, 329, 330, 331, 332, 338, 339, 349, 351, 352, 355, 357, 358, 359, 365, 366, 368, 369, 375, 380, 382, 384, 391, 392, 393, 394, 400, 411, 412, 415, 417, 425, 428, 429, 432, 433, 434, 435, 436, 437, 438, 439, 440, 441, 444, 445, 446, 449, 464, 465, 466, 468, 469, 471, 474, 477, 478, 479, 480, 482, 483, 484, 485, 488, 499, 501, 504, 512, 522, 523, 524, 527, 528, 530, 532, 534, 535, 537, 540, 541, 542, 543, 546, 547, 550, 551, 554, 557, 558, 561, 564, 566, 569, 570, 574, 575, 576, 579, 580, 583, 584, 585, 596, 598, 601, 606, 609, 614, 626, 629, 630, 631, 642, 644, 647, 648, 658, 661, 662, 664, 665, 670, 673, 674, 680, 681, 691, 694], "excluded_lines": [], "functions": {"search_photos": {"executed_lines": [], "summary": {"covered_lines": 0, "num_statements": 13, "percent_covered": 0.0, "percent_covered_display": "0", "missing_lines": 13, "excluded_lines": 0}, "missing_lines": [97, 98, 100, 113, 114, 117, 122, 124, 135, 137, 144, 145, 156], "excluded_lines": []}, "semantic_search": {"executed_lines": [], "summary": {"covered_lines": 0, "num_statements": 26, "percent_covered": 0.0, "percent_covered_display": "0", "missing_lines": 26, "excluded_lines": 0}, "missing_lines": [173, 174, 178, 180, 181, 182, 185, 187, 190, 191, 192, 195, 196, 197, 201, 203, 204, 210, 213, 216, 219, 221, 228, 229, 230, 231], "excluded_lines": []}, "image_search": {"executed_lines": [], "summary": {"covered_lines": 0, "num_statements": 36, "percent_covered": 0.0, "percent_covered_display": "0", "missing_lines": 36, "excluded_lines": 0}, "missing_lines": [252, 254, 256, 257, 258, 259, 260, 266, 267, 272, 275, 276, 277, 279, 281, 282, 285, 288, 289, 290, 293, 294, 295, 299, 301, 302, 307, 310, 315, 317, 326, 327, 329, 330, 331, 332], "excluded_lines": []}, "face_search": {"executed_lines": [], "summary": {"covered_lines": 0, "num_statements": 19, "percent_covered": 0.0, "percent_covered_display": "0", "missing_lines": 19, "excluded_lines": 0}, "missing_lines": [349, 351, 352, 355, 357, 358, 359, 365, 366, 368, 369, 375, 380, 382, 384, 391, 392, 393, 394], "excluded_lines": []}, "_execute_text_search": {"executed_lines": [], "summary": {"covered_lines": 0, "num_statements": 39, "percent_covered": 0.0, "percent_covered_display": "0", "missing_lines": 39, "excluded_lines": 0}, "missing_lines": [411, 412, 415, 417, 425, 428, 429, 432, 433, 434, 435, 436, 437, 438, 439, 440, 441, 444, 445, 446, 449, 464, 465, 466, 468, 469, 471, 474, 477, 478, 479, 480, 482, 483, 484, 485, 488, 499, 501], "excluded_lines": []}, "_execute_semantic_search": {"executed_lines": [], "summary": {"covered_lines": 0, "num_statements": 37, "percent_covered": 0.0, "percent_covered_display": "0", "missing_lines": 37, "excluded_lines": 0}, "missing_lines": [512, 522, 523, 524, 527, 528, 530, 532, 534, 535, 537, 540, 541, 542, 543, 546, 547, 550, 551, 554, 557, 558, 561, 564, 566, 569, 570, 574, 575, 576, 579, 580, 583, 584, 585, 596, 598], "excluded_lines": []}, "_execute_image_search": {"executed_lines": [], "summary": {"covered_lines": 0, "num_statements": 1, "percent_covered": 0.0, "percent_covered_display": "0", "missing_lines": 1, "excluded_lines": 0}, "missing_lines": [606], "excluded_lines": []}, "_execute_face_search": {"executed_lines": [], "summary": {"covered_lines": 0, "num_statements": 7, "percent_covered": 0.0, "percent_covered_display": "0", "missing_lines": 7, "excluded_lines": 0}, "missing_lines": [614, 626, 629, 630, 631, 642, 644], "excluded_lines": []}, "get_original_photo": {"executed_lines": [], "summary": {"covered_lines": 0, "num_statements": 12, "percent_covered": 0.0, "percent_covered_display": "0", "missing_lines": 12, "excluded_lines": 0}, "missing_lines": [658, 661, 662, 664, 665, 670, 673, 674, 680, 681, 691, 694], "excluded_lines": []}, "": {"executed_lines": [], "summary": {"covered_lines": 0, "num_statements": 51, "percent_covered": 0.0, "percent_covered_display": "0", "missing_lines": 51, "excluded_lines": 0}, "missing_lines": [3, 4, 5, 6, 7, 8, 10, 11, 12, 14, 15, 16, 22, 23, 25, 26, 29, 32, 33, 34, 35, 36, 37, 38, 39, 40, 43, 46, 47, 48, 49, 52, 55, 56, 61, 64, 65, 70, 71, 162, 163, 237, 238, 338, 339, 400, 504, 601, 609, 647, 648], "excluded_lines": []}}, "classes": {"SearchResultItem": {"executed_lines": [], "summary": {"covered_lines": 0, "num_statements": 0, "percent_covered": 100.0, "percent_covered_display": "100", "missing_lines": 0, "excluded_lines": 0}, "missing_lines": [], "excluded_lines": []}, "SearchResults": {"executed_lines": [], "summary": {"covered_lines": 0, "num_statements": 0, "percent_covered": 100.0, "percent_covered_display": "100", "missing_lines": 0, "excluded_lines": 0}, "missing_lines": [], "excluded_lines": []}, "SemanticSearchRequest": {"executed_lines": [], "summary": {"covered_lines": 0, "num_statements": 0, "percent_covered": 100.0, "percent_covered_display": "100", "missing_lines": 0, "excluded_lines": 0}, "missing_lines": [], "excluded_lines": []}, "FaceSearchRequest": {"executed_lines": [], "summary": {"covered_lines": 0, "num_statements": 0, "percent_covered": 100.0, "percent_covered_display": "100", "missing_lines": 0, "excluded_lines": 0}, "missing_lines": [], "excluded_lines": []}, "": {"executed_lines": [], "summary": {"covered_lines": 0, "num_statements": 241, "percent_covered": 0.0, "percent_covered_display": "0", "missing_lines": 241, "excluded_lines": 0}, "missing_lines": [3, 4, 5, 6, 7, 8, 10, 11, 12, 14, 15, 16, 22, 23, 25, 26, 29, 32, 33, 34, 35, 36, 37, 38, 39, 40, 43, 46, 47, 48, 49, 52, 55, 56, 61, 64, 65, 70, 71, 97, 98, 100, 113, 114, 117, 122, 124, 135, 137, 144, 145, 156, 162, 163, 173, 174, 178, 180, 181, 182, 185, 187, 190, 191, 192, 195, 196, 197, 201, 203, 204, 210, 213, 216, 219, 221, 228, 229, 230, 231, 237, 238, 252, 254, 256, 257, 258, 259, 260, 266, 267, 272, 275, 276, 277, 279, 281, 282, 285, 288, 289, 290, 293, 294, 295, 299, 301, 302, 307, 310, 315, 317, 326, 327, 329, 330, 331, 332, 338, 339, 349, 351, 352, 355, 357, 358, 359, 365, 366, 368, 369, 375, 380, 382, 384, 391, 392, 393, 394, 400, 411, 412, 415, 417, 425, 428, 429, 432, 433, 434, 435, 436, 437, 438, 439, 440, 441, 444, 445, 446, 449, 464, 465, 466, 468, 469, 471, 474, 477, 478, 479, 480, 482, 483, 484, 485, 488, 499, 501, 504, 512, 522, 523, 524, 527, 528, 530, 532, 534, 535, 537, 540, 541, 542, 543, 546, 547, 550, 551, 554, 557, 558, 561, 564, 566, 569, 570, 574, 575, 576, 579, 580, 583, 584, 585, 596, 598, 601, 606, 609, 614, 626, 629, 630, 631, 642, 644, 647, 648, 658, 661, 662, 664, 665, 670, 673, 674, 680, 681, 691, 694], "excluded_lines": []}}}, "src/core/config.py": {"executed_lines": [], "summary": {"covered_lines": 0, "num_statements": 45, "percent_covered": 0.0, "percent_covered_display": "0", "missing_lines": 45, "excluded_lines": 0}, "missing_lines": [3, 4, 6, 7, 10, 14, 15, 16, 17, 20, 25, 26, 28, 31, 32, 35, 40, 41, 42, 45, 46, 47, 49, 52, 53, 55, 57, 60, 63, 67, 69, 71, 72, 74, 77, 78, 80, 82, 84, 88, 93, 94, 98, 101, 103], "excluded_lines": [], "functions": {"Settings.__init__": {"executed_lines": [], "summary": {"covered_lines": 0, "num_statements": 12, "percent_covered": 0.0, "percent_covered_display": "0", "missing_lines": 12, "excluded_lines": 0}, "missing_lines": [57, 60, 63, 67, 69, 71, 72, 74, 77, 78, 80, 82], "excluded_lines": []}, "Settings._create_directories": {"executed_lines": [], "summary": {"covered_lines": 0, "num_statements": 3, "percent_covered": 0.0, "percent_covered_display": "0", "missing_lines": 3, "excluded_lines": 0}, "missing_lines": [88, 93, 94], "excluded_lines": []}, "get_settings": {"executed_lines": [], "summary": {"covered_lines": 0, "num_statements": 1, "percent_covered": 0.0, "percent_covered_display": "0", "missing_lines": 1, "excluded_lines": 0}, "missing_lines": [103], "excluded_lines": []}, "": {"executed_lines": [], "summary": {"covered_lines": 0, "num_statements": 29, "percent_covered": 0.0, "percent_covered_display": "0", "missing_lines": 29, "excluded_lines": 0}, "missing_lines": [3, 4, 6, 7, 10, 14, 15, 16, 17, 20, 25, 26, 28, 31, 32, 35, 40, 41, 42, 45, 46, 47, 49, 52, 53, 55, 84, 98, 101], "excluded_lines": []}}, "classes": {"Settings": {"executed_lines": [], "summary": {"covered_lines": 0, "num_statements": 15, "percent_covered": 0.0, "percent_covered_display": "0", "missing_lines": 15, "excluded_lines": 0}, "missing_lines": [57, 60, 63, 67, 69, 71, 72, 74, 77, 78, 80, 82, 88, 93, 94], "excluded_lines": []}, "Settings.Config": {"executed_lines": [], "summary": {"covered_lines": 0, "num_statements": 0, "percent_covered": 100.0, "percent_covered_display": "100", "missing_lines": 0, "excluded_lines": 0}, "missing_lines": [], "excluded_lines": []}, "": {"executed_lines": [], "summary": {"covered_lines": 0, "num_statements": 30, "percent_covered": 0.0, "percent_covered_display": "0", "missing_lines": 30, "excluded_lines": 0}, "missing_lines": [3, 4, 6, 7, 10, 14, 15, 16, 17, 20, 25, 26, 28, 31, 32, 35, 40, 41, 42, 45, 46, 47, 49, 52, 53, 55, 84, 98, 101, 103], "excluded_lines": []}}}, "src/core/event_queue.py": {"executed_lines": [1, 3, 4, 5, 6, 7, 8, 9, 10, 11, 12, 13, 14, 15, 16, 18, 21, 22, 25, 26, 27, 30, 31, 32, 35, 36, 37, 38, 41, 42, 45, 46, 47, 48, 51, 52, 53, 56, 57, 59, 60, 61, 62, 63, 66, 67, 68, 70, 71, 72, 73, 74, 75, 76, 77, 78, 79, 81, 82, 83, 84, 85, 87, 89, 90, 93, 94, 95, 96, 97, 98, 99, 102, 103, 106, 108, 110, 111, 112, 114, 116, 131, 132, 134, 152, 153, 155, 156, 158, 168, 170, 172, 175, 176, 188, 189, 190, 193, 194, 195, 198, 201, 202, 203, 206, 207, 210, 219, 221, 223, 225, 226, 227, 228, 230, 232, 239, 240, 242, 265, 276, 278, 280, 281, 283, 284, 289, 290, 292, 293, 295, 316, 326, 328, 330, 333, 336, 339, 340, 341, 343, 345, 347, 350, 351, 352, 353, 356, 357, 359, 360, 361, 369, 371, 373, 404, 406, 431, 490, 492, 494, 496, 497, 499, 500, 502, 507, 508, 509, 511, 515, 517, 518, 519, 520, 524, 536, 538, 539, 540, 541, 544, 546, 548, 549, 550, 553, 557, 560, 563, 564, 565, 568, 577, 578], "summary": {"covered_lines": 188, "num_statements": 267, "percent_covered": 70.4119850187266, "percent_covered_display": "70", "missing_lines": 79, "excluded_lines": 1}, "missing_lines": [331, 365, 366, 375, 376, 377, 378, 381, 382, 383, 384, 386, 388, 391, 392, 393, 396, 398, 399, 400, 401, 402, 407, 409, 410, 411, 412, 413, 414, 415, 417, 419, 421, 422, 423, 425, 426, 427, 428, 429, 433, 435, 436, 441, 442, 443, 444, 447, 448, 449, 450, 453, 454, 455, 456, 457, 458, 459, 460, 461, 462, 465, 466, 468, 469, 470, 471, 472, 475, 476, 480, 484, 486, 487, 488, 542, 543, 551, 552], "excluded_lines": [168], "functions": {"Event.__post_init__": {"executed_lines": [82, 83, 84, 85], "summary": {"covered_lines": 4, "num_statements": 4, "percent_covered": 100.0, "percent_covered_display": "100", "missing_lines": 0, "excluded_lines": 0}, "missing_lines": [], "excluded_lines": []}, "Event.__lt__": {"executed_lines": [89, 90, 93, 94, 95, 96, 97, 98, 99, 102, 103, 106], "summary": {"covered_lines": 12, "num_statements": 12, "percent_covered": 100.0, "percent_covered_display": "100", "missing_lines": 0, "excluded_lines": 0}, "missing_lines": [], "excluded_lines": []}, "Event.is_due": {"executed_lines": [110, 111, 112], "summary": {"covered_lines": 3, "num_statements": 3, "percent_covered": 100.0, "percent_covered_display": "100", "missing_lines": 0, "excluded_lines": 0}, "missing_lines": [], "excluded_lines": []}, "Event.to_dict": {"executed_lines": [116], "summary": {"covered_lines": 1, "num_statements": 1, "percent_covered": 100.0, "percent_covered_display": "100", "missing_lines": 0, "excluded_lines": 0}, "missing_lines": [], "excluded_lines": []}, "Event.from_dict": {"executed_lines": [134], "summary": {"covered_lines": 1, "num_statements": 1, "percent_covered": 100.0, "percent_covered_display": "100", "missing_lines": 0, "excluded_lines": 0}, "missing_lines": [], "excluded_lines": []}, "EventHandler.__init__": {"executed_lines": [156], "summary": {"covered_lines": 1, "num_statements": 1, "percent_covered": 100.0, "percent_covered_display": "100", "missing_lines": 0, "excluded_lines": 0}, "missing_lines": [], "excluded_lines": []}, "EventHandler.handle": {"executed_lines": [168], "summary": {"covered_lines": 0, "num_statements": 0, "percent_covered": 100.0, "percent_covered_display": "100", "missing_lines": 0, "excluded_lines": 1}, "missing_lines": [], "excluded_lines": [168]}, "EventHandler.can_handle": {"executed_lines": [172], "summary": {"covered_lines": 1, "num_statements": 1, "percent_covered": 100.0, "percent_covered_display": "100", "missing_lines": 0, "excluded_lines": 0}, "missing_lines": [], "excluded_lines": []}, "EventQueue.__init__": {"executed_lines": [189, 190, 193, 194, 195, 198, 201, 202, 203, 206, 207, 210, 219, 221], "summary": {"covered_lines": 14, "num_statements": 14, "percent_covered": 100.0, "percent_covered_display": "100", "missing_lines": 0, "excluded_lines": 0}, "missing_lines": [], "excluded_lines": []}, "EventQueue.add_handler": {"executed_lines": [225, 226, 227, 228, 230], "summary": {"covered_lines": 5, "num_statements": 5, "percent_covered": 100.0, "percent_covered_display": "100", "missing_lines": 0, "excluded_lines": 0}, "missing_lines": [], "excluded_lines": []}, "EventQueue.add_middleware": {"executed_lines": [239, 240], "summary": {"covered_lines": 2, "num_statements": 2, "percent_covered": 100.0, "percent_covered_display": "100", "missing_lines": 0, "excluded_lines": 0}, "missing_lines": [], "excluded_lines": []}, "EventQueue.publish": {"executed_lines": [265, 276], "summary": {"covered_lines": 2, "num_statements": 2, "percent_covered": 100.0, "percent_covered_display": "100", "missing_lines": 0, "excluded_lines": 0}, "missing_lines": [], "excluded_lines": []}, "EventQueue._enqueue_event": {"executed_lines": [280, 281, 283, 284, 289, 290, 292, 293], "summary": {"covered_lines": 8, "num_statements": 8, "percent_covered": 100.0, "percent_covered_display": "100", "missing_lines": 0, "excluded_lines": 0}, "missing_lines": [], "excluded_lines": []}, "EventQueue.schedule_event": {"executed_lines": [316, 326], "summary": {"covered_lines": 2, "num_statements": 2, "percent_covered": 100.0, "percent_covered_display": "100", "missing_lines": 0, "excluded_lines": 0}, "missing_lines": [], "excluded_lines": []}, "EventQueue.start": {"executed_lines": [330, 333, 336, 339, 340, 341, 343], "summary": {"covered_lines": 7, "num_statements": 8, "percent_covered": 87.5, "percent_covered_display": "88", "missing_lines": 1, "excluded_lines": 0}, "missing_lines": [331], "excluded_lines": []}, "EventQueue.stop": {"executed_lines": [347, 350, 351, 352, 353, 356, 357, 359, 360, 361, 369, 371], "summary": {"covered_lines": 12, "num_statements": 14, "percent_covered": 85.71428571428571, "percent_covered_display": "86", "missing_lines": 2, "excluded_lines": 0}, "missing_lines": [365, 366], "excluded_lines": []}, "EventQueue._schedule_loop": {"executed_lines": [], "summary": {"covered_lines": 0, "num_statements": 19, "percent_covered": 0.0, "percent_covered_display": "0", "missing_lines": 19, "excluded_lines": 0}, "missing_lines": [375, 376, 377, 378, 381, 382, 383, 384, 386, 388, 391, 392, 393, 396, 398, 399, 400, 401, 402], "excluded_lines": []}, "EventQueue._worker_loop": {"executed_lines": [406], "summary": {"covered_lines": 1, "num_statements": 19, "percent_covered": 5.2631578947368425, "percent_covered_display": "5", "missing_lines": 18, "excluded_lines": 0}, "missing_lines": [407, 409, 410, 411, 412, 413, 414, 415, 417, 419, 421, 422, 423, 425, 426, 427, 428, 429], "excluded_lines": []}, "EventQueue._process_event": {"executed_lines": [], "summary": {"covered_lines": 0, "num_statements": 35, "percent_covered": 0.0, "percent_covered_display": "0", "missing_lines": 35, "excluded_lines": 0}, "missing_lines": [433, 435, 436, 441, 442, 443, 444, 447, 448, 449, 450, 453, 454, 455, 456, 457, 458, 459, 460, 461, 462, 465, 466, 468, 469, 470, 471, 472, 475, 476, 480, 484, 486, 487, 488], "excluded_lines": []}, "EventQueue._handle_failed_event": {"executed_lines": [492, 494, 496, 497, 499, 500, 502, 507, 508, 509, 511], "summary": {"covered_lines": 11, "num_statements": 11, "percent_covered": 100.0, "percent_covered_display": "100", "missing_lines": 0, "excluded_lines": 0}, "missing_lines": [], "excluded_lines": []}, "EventQueue.get_statistics": {"executed_lines": [517, 518, 519, 520, 524], "summary": {"covered_lines": 5, "num_statements": 5, "percent_covered": 100.0, "percent_covered_display": "100", "missing_lines": 0, "excluded_lines": 0}, "missing_lines": [], "excluded_lines": []}, "EventQueue.get_dead_letter_events": {"executed_lines": [538, 539, 540, 541, 544], "summary": {"covered_lines": 5, "num_statements": 7, "percent_covered": 71.42857142857143, "percent_covered_display": "71", "missing_lines": 2, "excluded_lines": 0}, "missing_lines": [542, 543], "excluded_lines": []}, "EventQueue.clear_dead_letter_queue": {"executed_lines": [548, 549, 550, 553], "summary": {"covered_lines": 4, "num_statements": 6, "percent_covered": 66.66666666666667, "percent_covered_display": "67", "missing_lines": 2, "excluded_lines": 0}, "missing_lines": [551, 552], "excluded_lines": []}, "get_event_queue": {"executed_lines": [563, 564, 565], "summary": {"covered_lines": 3, "num_statements": 3, "percent_covered": 100.0, "percent_covered_display": "100", "missing_lines": 0, "excluded_lines": 0}, "missing_lines": [], "excluded_lines": []}, "publish_event": {"executed_lines": [577, 578], "summary": {"covered_lines": 2, "num_statements": 2, "percent_covered": 100.0, "percent_covered_display": "100", "missing_lines": 0, "excluded_lines": 0}, "missing_lines": [], "excluded_lines": []}, "": {"executed_lines": [1, 3, 4, 5, 6, 7, 8, 9, 10, 11, 12, 13, 14, 15, 16, 18, 21, 22, 25, 26, 27, 30, 31, 32, 35, 36, 37, 38, 41, 42, 45, 46, 47, 48, 51, 52, 53, 56, 57, 59, 60, 61, 62, 63, 66, 67, 68, 70, 71, 72, 73, 74, 75, 76, 77, 78, 79, 81, 87, 108, 114, 131, 132, 152, 153, 155, 158, 170, 175, 176, 188, 223, 232, 242, 278, 295, 328, 345, 373, 404, 431, 490, 515, 536, 546, 557, 560, 568], "summary": {"covered_lines": 82, "num_statements": 82, "percent_covered": 100.0, "percent_covered_display": "100", "missing_lines": 0, "excluded_lines": 0}, "missing_lines": [], "excluded_lines": []}}, "classes": {"EventType": {"executed_lines": [], "summary": {"covered_lines": 0, "num_statements": 0, "percent_covered": 100.0, "percent_covered_display": "100", "missing_lines": 0, "excluded_lines": 0}, "missing_lines": [], "excluded_lines": []}, "Priority": {"executed_lines": [], "summary": {"covered_lines": 0, "num_statements": 0, "percent_covered": 100.0, "percent_covered_display": "100", "missing_lines": 0, "excluded_lines": 0}, "missing_lines": [], "excluded_lines": []}, "Event": {"executed_lines": [82, 83, 84, 85, 89, 90, 93, 94, 95, 96, 97, 98, 99, 102, 103, 106, 110, 111, 112, 116, 134], "summary": {"covered_lines": 21, "num_statements": 21, "percent_covered": 100.0, "percent_covered_display": "100", "missing_lines": 0, "excluded_lines": 0}, "missing_lines": [], "excluded_lines": []}, "EventHandler": {"executed_lines": [156, 168, 172], "summary": {"covered_lines": 2, "num_statements": 2, "percent_covered": 100.0, "percent_covered_display": "100", "missing_lines": 0, "excluded_lines": 1}, "missing_lines": [], "excluded_lines": [168]}, "EventQueue": {"executed_lines": [189, 190, 193, 194, 195, 198, 201, 202, 203, 206, 207, 210, 219, 221, 225, 226, 227, 228, 230, 239, 240, 265, 276, 280, 281, 283, 284, 289, 290, 292, 293, 316, 326, 330, 333, 336, 339, 340, 341, 343, 347, 350, 351, 352, 353, 356, 357, 359, 360, 361, 369, 371, 406, 492, 494, 496, 497, 499, 500, 502, 507, 508, 509, 511, 517, 518, 519, 520, 524, 538, 539, 540, 541, 544, 548, 549, 550, 553], "summary": {"covered_lines": 78, "num_statements": 157, "percent_covered": 49.681528662420384, "percent_covered_display": "50", "missing_lines": 79, "excluded_lines": 0}, "missing_lines": [331, 365, 366, 375, 376, 377, 378, 381, 382, 383, 384, 386, 388, 391, 392, 393, 396, 398, 399, 400, 401, 402, 407, 409, 410, 411, 412, 413, 414, 415, 417, 419, 421, 422, 423, 425, 426, 427, 428, 429, 433, 435, 436, 441, 442, 443, 444, 447, 448, 449, 450, 453, 454, 455, 456, 457, 458, 459, 460, 461, 462, 465, 466, 468, 469, 470, 471, 472, 475, 476, 480, 484, 486, 487, 488, 542, 543, 551, 552], "excluded_lines": []}, "": {"executed_lines": [1, 3, 4, 5, 6, 7, 8, 9, 10, 11, 12, 13, 14, 15, 16, 18, 21, 22, 25, 26, 27, 30, 31, 32, 35, 36, 37, 38, 41, 42, 45, 46, 47, 48, 51, 52, 53, 56, 57, 59, 60, 61, 62, 63, 66, 67, 68, 70, 71, 72, 73, 74, 75, 76, 77, 78, 79, 81, 87, 108, 114, 131, 132, 152, 153, 155, 158, 170, 175, 176, 188, 223, 232, 242, 278, 295, 328, 345, 373, 404, 431, 490, 515, 536, 546, 557, 560, 563, 564, 565, 568, 577, 578], "summary": {"covered_lines": 87, "num_statements": 87, "percent_covered": 100.0, "percent_covered_display": "100", "missing_lines": 0, "excluded_lines": 0}, "missing_lines": [], "excluded_lines": []}}}, "src/core/logging_config.py": {"executed_lines": [], "summary": {"covered_lines": 0, "num_statements": 102, "percent_covered": 0.0, "percent_covered_display": "0", "missing_lines": 102, "excluded_lines": 0}, "missing_lines": [3, 4, 5, 6, 7, 8, 10, 13, 16, 19, 22, 25, 28, 31, 34, 35, 36, 37, 38, 39, 40, 42, 43, 44, 47, 71, 72, 75, 78, 83, 88, 89, 90, 91, 94, 97, 98, 99, 100, 103, 104, 107, 108, 109, 112, 113, 119, 120, 121, 124, 125, 131, 132, 133, 134, 137, 138, 139, 140, 141, 144, 145, 146, 147, 150, 153, 154, 155, 156, 159, 162, 163, 164, 165, 166, 167, 170, 171, 172, 173, 174, 177, 180, 182, 185, 188, 191, 192, 193, 196, 213, 214, 215, 216, 222, 234, 240, 250, 251, 252, 256, 257], "excluded_lines": [], "functions": {"ProductionFormatter.format": {"executed_lines": [], "summary": {"covered_lines": 0, "num_statements": 14, "percent_covered": 0.0, "percent_covered_display": "0", "missing_lines": 14, "excluded_lines": 0}, "missing_lines": [22, 25, 28, 31, 34, 35, 36, 37, 38, 39, 40, 42, 43, 44], "excluded_lines": []}, "setup_logging": {"executed_lines": [], "summary": {"covered_lines": 0, "num_statements": 44, "percent_covered": 0.0, "percent_covered_display": "0", "missing_lines": 44, "excluded_lines": 0}, "missing_lines": [71, 72, 75, 78, 83, 88, 89, 90, 91, 94, 97, 98, 99, 100, 103, 104, 107, 108, 109, 112, 113, 119, 120, 121, 124, 125, 131, 132, 133, 134, 137, 138, 139, 140, 141, 144, 145, 146, 147, 150, 153, 154, 155, 156], "excluded_lines": []}, "configure_module_loggers": {"executed_lines": [], "summary": {"covered_lines": 0, "num_statements": 11, "percent_covered": 0.0, "percent_covered_display": "0", "missing_lines": 11, "excluded_lines": 0}, "missing_lines": [162, 163, 164, 165, 166, 167, 170, 171, 172, 173, 174], "excluded_lines": []}, "PerformanceFilter.filter": {"executed_lines": [], "summary": {"covered_lines": 0, "num_statements": 1, "percent_covered": 0.0, "percent_covered_display": "0", "missing_lines": 1, "excluded_lines": 0}, "missing_lines": [182], "excluded_lines": []}, "RequestContextFilter.filter": {"executed_lines": [], "summary": {"covered_lines": 0, "num_statements": 3, "percent_covered": 0.0, "percent_covered_display": "0", "missing_lines": 3, "excluded_lines": 0}, "missing_lines": [191, 192, 193], "excluded_lines": []}, "log_slow_operation": {"executed_lines": [], "summary": {"covered_lines": 0, "num_statements": 4, "percent_covered": 0.0, "percent_covered_display": "0", "missing_lines": 4, "excluded_lines": 0}, "missing_lines": [213, 214, 215, 216], "excluded_lines": []}, "log_error_with_context": {"executed_lines": [], "summary": {"covered_lines": 0, "num_statements": 1, "percent_covered": 0.0, "percent_covered_display": "0", "missing_lines": 1, "excluded_lines": 0}, "missing_lines": [234], "excluded_lines": []}, "get_logger": {"executed_lines": [], "summary": {"covered_lines": 0, "num_statements": 3, "percent_covered": 0.0, "percent_covered_display": "0", "missing_lines": 3, "excluded_lines": 0}, "missing_lines": [250, 251, 252], "excluded_lines": []}, "": {"executed_lines": [], "summary": {"covered_lines": 0, "num_statements": 21, "percent_covered": 0.0, "percent_covered_display": "0", "missing_lines": 21, "excluded_lines": 0}, "missing_lines": [3, 4, 5, 6, 7, 8, 10, 13, 16, 19, 47, 159, 177, 180, 185, 188, 196, 222, 240, 256, 257], "excluded_lines": []}}, "classes": {"ProductionFormatter": {"executed_lines": [], "summary": {"covered_lines": 0, "num_statements": 14, "percent_covered": 0.0, "percent_covered_display": "0", "missing_lines": 14, "excluded_lines": 0}, "missing_lines": [22, 25, 28, 31, 34, 35, 36, 37, 38, 39, 40, 42, 43, 44], "excluded_lines": []}, "PerformanceFilter": {"executed_lines": [], "summary": {"covered_lines": 0, "num_statements": 1, "percent_covered": 0.0, "percent_covered_display": "0", "missing_lines": 1, "excluded_lines": 0}, "missing_lines": [182], "excluded_lines": []}, "RequestContextFilter": {"executed_lines": [], "summary": {"covered_lines": 0, "num_statements": 3, "percent_covered": 0.0, "percent_covered_display": "0", "missing_lines": 3, "excluded_lines": 0}, "missing_lines": [191, 192, 193], "excluded_lines": []}, "": {"executed_lines": [], "summary": {"covered_lines": 0, "num_statements": 84, "percent_covered": 0.0, "percent_covered_display": "0", "missing_lines": 84, "excluded_lines": 0}, "missing_lines": [3, 4, 5, 6, 7, 8, 10, 13, 16, 19, 47, 71, 72, 75, 78, 83, 88, 89, 90, 91, 94, 97, 98, 99, 100, 103, 104, 107, 108, 109, 112, 113, 119, 120, 121, 124, 125, 131, 132, 133, 134, 137, 138, 139, 140, 141, 144, 145, 146, 147, 150, 153, 154, 155, 156, 159, 162, 163, 164, 165, 166, 167, 170, 171, 172, 173, 174, 177, 180, 185, 188, 196, 213, 214, 215, 216, 222, 234, 240, 250, 251, 252, 256, 257], "excluded_lines": []}}}, "src/core/middleware.py": {"executed_lines": [], "summary": {"covered_lines": 0, "num_statements": 73, "percent_covered": 0.0, "percent_covered_display": "0", "missing_lines": 73, "excluded_lines": 0}, "missing_lines": [3, 4, 5, 6, 7, 9, 10, 12, 14, 17, 20, 23, 26, 27, 30, 33, 36, 48, 49, 50, 53, 65, 66, 77, 78, 80, 81, 82, 92, 95, 98, 100, 101, 102, 103, 106, 119, 120, 121, 122, 123, 124, 125, 129, 130, 139, 140, 142, 145, 148, 149, 150, 151, 153, 155, 156, 157, 159, 160, 161, 164, 165, 172, 173, 174, 175, 176, 179, 180, 181, 192, 195, 197], "excluded_lines": [], "functions": {"RequestLoggingMiddleware.dispatch": {"executed_lines": [], "summary": {"covered_lines": 0, "num_statements": 17, "percent_covered": 0.0, "percent_covered_display": "0", "missing_lines": 17, "excluded_lines": 0}, "missing_lines": [26, 27, 30, 33, 36, 48, 49, 50, 53, 65, 66, 77, 78, 80, 81, 82, 92], "excluded_lines": []}, "ErrorLoggingMiddleware.dispatch": {"executed_lines": [], "summary": {"covered_lines": 0, "num_statements": 17, "percent_covered": 0.0, "percent_covered_display": "0", "missing_lines": 17, "excluded_lines": 0}, "missing_lines": [100, 101, 102, 103, 106, 119, 120, 121, 122, 123, 124, 125, 129, 130, 139, 140, 142], "excluded_lines": []}, "PerformanceMonitoringMiddleware.__init__": {"executed_lines": [], "summary": {"covered_lines": 0, "num_statements": 3, "percent_covered": 0.0, "percent_covered_display": "0", "missing_lines": 3, "excluded_lines": 0}, "missing_lines": [149, 150, 151], "excluded_lines": []}, "PerformanceMonitoringMiddleware.dispatch": {"executed_lines": [], "summary": {"covered_lines": 0, "num_statements": 17, "percent_covered": 0.0, "percent_covered_display": "0", "missing_lines": 17, "excluded_lines": 0}, "missing_lines": [155, 156, 157, 159, 160, 161, 164, 165, 172, 173, 174, 175, 176, 179, 180, 181, 192], "excluded_lines": []}, "get_request_id": {"executed_lines": [], "summary": {"covered_lines": 0, "num_statements": 1, "percent_covered": 0.0, "percent_covered_display": "0", "missing_lines": 1, "excluded_lines": 0}, "missing_lines": [197], "excluded_lines": []}, "": {"executed_lines": [], "summary": {"covered_lines": 0, "num_statements": 18, "percent_covered": 0.0, "percent_covered_display": "0", "missing_lines": 18, "excluded_lines": 0}, "missing_lines": [3, 4, 5, 6, 7, 9, 10, 12, 14, 17, 20, 23, 95, 98, 145, 148, 153, 195], "excluded_lines": []}}, "classes": {"RequestLoggingMiddleware": {"executed_lines": [], "summary": {"covered_lines": 0, "num_statements": 17, "percent_covered": 0.0, "percent_covered_display": "0", "missing_lines": 17, "excluded_lines": 0}, "missing_lines": [26, 27, 30, 33, 36, 48, 49, 50, 53, 65, 66, 77, 78, 80, 81, 82, 92], "excluded_lines": []}, "ErrorLoggingMiddleware": {"executed_lines": [], "summary": {"covered_lines": 0, "num_statements": 17, "percent_covered": 0.0, "percent_covered_display": "0", "missing_lines": 17, "excluded_lines": 0}, "missing_lines": [100, 101, 102, 103, 106, 119, 120, 121, 122, 123, 124, 125, 129, 130, 139, 140, 142], "excluded_lines": []}, "PerformanceMonitoringMiddleware": {"executed_lines": [], "summary": {"covered_lines": 0, "num_statements": 20, "percent_covered": 0.0, "percent_covered_display": "0", "missing_lines": 20, "excluded_lines": 0}, "missing_lines": [149, 150, 151, 155, 156, 157, 159, 160, 161, 164, 165, 172, 173, 174, 175, 176, 179, 180, 181, 192], "excluded_lines": []}, "": {"executed_lines": [], "summary": {"covered_lines": 0, "num_statements": 19, "percent_covered": 0.0, "percent_covered_display": "0", "missing_lines": 19, "excluded_lines": 0}, "missing_lines": [3, 4, 5, 6, 7, 9, 10, 12, 14, 17, 20, 23, 95, 98, 145, 148, 153, 195, 197], "excluded_lines": []}}}, "src/core/utils.py": {"executed_lines": [], "summary": {"covered_lines": 0, "num_statements": 113, "percent_covered": 0.0, "percent_covered_display": "0", "missing_lines": 113, "excluded_lines": 0}, "missing_lines": [3, 4, 5, 6, 8, 10, 12, 15, 18, 20, 21, 27, 28, 30, 31, 32, 34, 35, 36, 37, 38, 39, 41, 42, 48, 49, 51, 52, 54, 55, 56, 57, 58, 59, 61, 62, 68, 69, 71, 72, 74, 75, 76, 77, 78, 79, 80, 83, 93, 94, 100, 111, 112, 118, 134, 135, 136, 138, 140, 141, 142, 144, 145, 146, 148, 151, 157, 159, 160, 161, 163, 164, 166, 168, 169, 170, 171, 173, 176, 185, 186, 187, 188, 189, 192, 201, 204, 213, 216, 218, 220, 221, 222, 225, 235, 236, 239, 249, 250, 252, 253, 254, 255, 256, 257, 258, 259, 261, 263, 264, 265, 266, 267], "excluded_lines": [], "functions": {"DependencyChecker.check_clip": {"executed_lines": [], "summary": {"covered_lines": 0, "num_statements": 11, "percent_covered": 0.0, "percent_covered_display": "0", "missing_lines": 11, "excluded_lines": 0}, "missing_lines": [27, 28, 30, 31, 32, 34, 35, 36, 37, 38, 39], "excluded_lines": []}, "DependencyChecker.check_face_recognition": {"executed_lines": [], "summary": {"covered_lines": 0, "num_statements": 10, "percent_covered": 0.0, "percent_cover
[...]
88, 491, 492, 493, 494, 495, 496, 498, 501, 502, 503, 504, 505, 506, 507, 509, 512, 513, 514, 515, 517, 520, 521, 522, 524, 526, 528, 536, 537, 539, 540, 541, 542, 543, 544, 545, 546, 547, 549, 550, 554, 555, 561, 565, 568, 572, 575, 576, 579, 580, 585, 589, 591], "excluded_lines": [], "functions": {"FaceDetectionWorker.__init__": {"executed_lines": [], "summary": {"covered_lines": 0, "num_statements": 8, "percent_covered": 0.0, "percent_covered_display": "0", "missing_lines": 8, "excluded_lines": 0}, "missing_lines": [26, 27, 28, 29, 32, 33, 36, 45], "excluded_lines": []}, "FaceDetectionWorker._initialize_face_models": {"executed_lines": [], "summary": {"covered_lines": 0, "num_statements": 12, "percent_covered": 0.0, "percent_covered_display": "0", "missing_lines": 12, "excluded_lines": 0}, "missing_lines": [49, 50, 51, 54, 58, 60, 62, 63, 64, 65, 66, 67], "excluded_lines": []}, "FaceDetectionWorker.detect_faces": {"executed_lines": [], "summary": {"covered_lines": 0, "num_statements": 23, "percent_covered": 0.0, "percent_covered_display": "0", "missing_lines": 23, "excluded_lines": 0}, "missing_lines": [71, 72, 73, 75, 77, 79, 80, 84, 85, 86, 88, 89, 90, 91, 92, 94, 95, 96, 97, 99, 100, 101, 102], "excluded_lines": []}, "FaceDetectionWorker._detect_faces_sync": {"executed_lines": [], "summary": {"covered_lines": 0, "num_statements": 19, "percent_covered": 0.0, "percent_covered_display": "0", "missing_lines": 19, "excluded_lines": 0}, "missing_lines": [106, 107, 110, 111, 112, 113, 116, 119, 121, 122, 124, 127, 130, 133, 134, 145, 147, 148, 149], "excluded_lines": []}, "FaceDetectionWorker.recognize_faces": {"executed_lines": [], "summary": {"covered_lines": 0, "num_statements": 20, "percent_covered": 0.0, "percent_covered_display": "0", "missing_lines": 20, "excluded_lines": 0}, "missing_lines": [155, 156, 158, 160, 161, 162, 164, 165, 168, 169, 170, 172, 174, 175, 176, 178, 185, 187, 188, 190], "excluded_lines": []}, "FaceDetectionWorker.process_batch": {"executed_lines": [], "summary": {"covered_lines": 0, "num_statements": 13, "percent_covered": 0.0, "percent_covered_display": "0", "missing_lines": 13, "excluded_lines": 0}, "missing_lines": [194, 195, 197, 200, 203, 204, 205, 206, 209, 210, 212, 213, 217], "excluded_lines": []}, "FaceDetectionWorker.enroll_person": {"executed_lines": [], "summary": {"covered_lines": 0, "num_statements": 21, "percent_covered": 0.0, "percent_covered_display": "0", "missing_lines": 21, "excluded_lines": 0}, "missing_lines": [223, 224, 225, 227, 232, 234, 235, 238, 240, 242, 243, 245, 247, 248, 250, 252, 253, 254, 257, 259, 262], "excluded_lines": []}, "FaceDetectionWorker.update_person_enrollment": {"executed_lines": [], "summary": {"covered_lines": 0, "num_statements": 12, "percent_covered": 0.0, "percent_covered_display": "0", "missing_lines": 12, "excluded_lines": 0}, "missing_lines": [268, 273, 275, 276, 277, 279, 280, 281, 283, 284, 285, 289], "excluded_lines": []}, "FaceDetectionWorker.get_statistics": {"executed_lines": [], "summary": {"covered_lines": 0, "num_statements": 2, "percent_covered": 0.0, "percent_covered_display": "0", "missing_lines": 2, "excluded_lines": 0}, "missing_lines": [293, 299], "excluded_lines": []}, "FaceDetectionWorker.reset_statistics": {"executed_lines": [], "summary": {"covered_lines": 0, "num_statements": 1, "percent_covered": 0.0, "percent_covered_display": "0", "missing_lines": 1, "excluded_lines": 0}, "missing_lines": [323], "excluded_lines": []}, "FaceDetectionWorker.is_available": {"executed_lines": [], "summary": {"covered_lines": 0, "num_statements": 1, "percent_covered": 0.0, "percent_covered_display": "0", "missing_lines": 1, "excluded_lines": 0}, "missing_lines": [333], "excluded_lines": []}, "FaceDetectionWorker.shutdown": {"executed_lines": [], "summary": {"covered_lines": 0, "num_statements": 1, "percent_covered": 0.0, "percent_covered_display": "0", "missing_lines": 1, "excluded_lines": 0}, "missing_lines": [337], "excluded_lines": []}, "FaceSearchEngine.__init__": {"executed_lines": [], "summary": {"covered_lines": 0, "num_statements": 1, "percent_covered": 0.0, "percent_covered_display": "0", "missing_lines": 1, "excluded_lines": 0}, "missing_lines": [344], "excluded_lines": []}, "FaceSearchEngine.search_by_person": {"executed_lines": [], "summary": {"covered_lines": 0, "num_statements": 11, "percent_covered": 0.0, "percent_covered_display": "0", "missing_lines": 11, "excluded_lines": 0}, "missing_lines": [350, 351, 353, 355, 356, 357, 359, 361, 362, 373, 375], "excluded_lines": []}, "FaceSearchEngine.search_by_face_image": {"executed_lines": [], "summary": {"covered_lines": 0, "num_statements": 11, "percent_covered": 0.0, "percent_covered_display": "0", "missing_lines": 11, "excluded_lines": 0}, "missing_lines": [381, 382, 384, 386, 387, 388, 391, 393, 394, 405, 407], "excluded_lines": []}, "FaceSearchEngine.find_duplicate_faces": {"executed_lines": [], "summary": {"covered_lines": 0, "num_statements": 19, "percent_covered": 0.0, "percent_covered_display": "0", "missing_lines": 19, "excluded_lines": 0}, "missing_lines": [413, 414, 416, 417, 419, 420, 421, 423, 424, 426, 427, 428, 430, 432, 433, 434, 436, 437, 439], "excluded_lines": []}, "FaceSearchEngine.cluster_unknown_faces": {"executed_lines": [], "summary": {"covered_lines": 0, "num_statements": 22, "percent_covered": 0.0, "percent_covered_display": "0", "missing_lines": 22, "excluded_lines": 0}, "missing_lines": [445, 446, 449, 450, 452, 453, 454, 456, 457, 459, 460, 461, 464, 465, 466, 467, 469, 470, 471, 473, 476, 478], "excluded_lines": []}, "FaceQualityAnalyzer.analyze_face_quality": {"executed_lines": [], "summary": {"covered_lines": 0, "num_statements": 28, "percent_covered": 0.0, "percent_covered_display": "0", "missing_lines": 28, "excluded_lines": 0}, "missing_lines": [487, 488, 491, 492, 493, 494, 495, 496, 498, 501, 502, 503, 504, 505, 506, 507, 509, 512, 513, 514, 515, 517, 520, 521, 522, 524, 526, 528], "excluded_lines": []}, "FaceQualityAnalyzer._get_quality_grade": {"executed_lines": [], "summary": {"covered_lines": 0, "num_statements": 9, "percent_covered": 0.0, "percent_covered_display": "0", "missing_lines": 9, "excluded_lines": 0}, "missing_lines": [539, 540, 541, 542, 543, 544, 545, 546, 547], "excluded_lines": []}, "FaceQualityAnalyzer.analyze_enrollment_quality": {"executed_lines": [], "summary": {"covered_lines": 0, "num_statements": 13, "percent_covered": 0.0, "percent_covered_display": "0", "missing_lines": 13, "excluded_lines": 0}, "missing_lines": [554, 555, 561, 565, 568, 572, 575, 576, 579, 580, 585, 589, 591], "excluded_lines": []}, "": {"executed_lines": [], "summary": {"covered_lines": 0, "num_statements": 35, "percent_covered": 0.0, "percent_covered_display": "0", "missing_lines": 35, "excluded_lines": 0}, "missing_lines": [3, 4, 5, 6, 7, 9, 11, 12, 14, 17, 20, 47, 69, 104, 151, 192, 219, 264, 291, 321, 331, 335, 340, 343, 346, 377, 409, 441, 481, 484, 485, 536, 537, 549, 550], "excluded_lines": []}}, "classes": {"FaceDetectionWorker": {"executed_lines": [], "summary": {"covered_lines": 0, "num_statements": 133, "percent_covered": 0.0, "percent_covered_display": "0", "missing_lines": 133, "excluded_lines": 0}, "missing_lines": [26, 27, 28, 29, 32, 33, 36, 45, 49, 50, 51, 54, 58, 60, 62, 63, 64, 65, 66, 67, 71, 72, 73, 75, 77, 79, 80, 84, 85, 86, 88, 89, 90, 91, 92, 94, 95, 96, 97, 99, 100, 101, 102, 106, 107, 110, 111, 112, 113, 116, 119, 121, 122, 124, 127, 130, 133, 134, 145, 147, 148, 149, 155, 156, 158, 160, 161, 162, 164, 165, 168, 169, 170, 172, 174, 175, 176, 178, 185, 187, 188, 190, 194, 195, 197, 200, 203, 204, 205, 206, 209, 210, 212, 213, 217, 223, 224, 225, 227, 232, 234, 235, 238, 240, 242, 243, 245, 247, 248, 250, 252, 253, 254, 257, 259, 262, 268, 273, 275, 276, 277, 279, 280, 281, 283, 284, 285, 289, 293, 299, 323, 333, 337], "excluded_lines": []}, "FaceSearchEngine": {"executed_lines": [], "summary": {"covered_lines": 0, "num_statements": 64, "percent_covered": 0.0, "percent_covered_display": "0", "missing_lines": 64, "excluded_lines": 0}, "missing_lines": [344, 350, 351, 353, 355, 356, 357, 359, 361, 362, 373, 375, 381, 382, 384, 386, 387, 388, 391, 393, 394, 405, 407, 413, 414, 416, 417, 419, 420, 421, 423, 424, 426, 427, 428, 430, 432, 433, 434, 436, 437, 439, 445, 446, 449, 450, 452, 453, 454, 456, 457, 459, 460, 461, 464, 465, 466, 467, 469, 470, 471, 473, 476, 478], "excluded_lines": []}, "FaceQualityAnalyzer": {"executed_lines": [], "summary": {"covered_lines": 0, "num_statements": 50, "percent_covered": 0.0, "percent_covered_display": "0", "missing_lines": 50, "excluded_lines": 0}, "missing_lines": [487, 488, 491, 492, 493, 494, 495, 496, 498, 501, 502, 503, 504, 505, 506, 507, 509, 512, 513, 514, 515, 517, 520, 521, 522, 524, 526, 528, 539, 540, 541, 542, 543, 544, 545, 546, 547, 554, 555, 561, 565, 568, 572, 575, 576, 579, 580, 585, 589, 591], "excluded_lines": []}, "": {"executed_lines": [], "summary": {"covered_lines": 0, "num_statements": 35, "percent_covered": 0.0, "percent_covered_display": "0", "missing_lines": 35, "excluded_lines": 0}, "missing_lines": [3, 4, 5, 6, 7, 9, 11, 12, 14, 17, 20, 47, 69, 104, 151, 192, 219, 264, 291, 321, 331, 335, 340, 343, 346, 377, 409, 441, 481, 484, 485, 536, 537, 549, 550], "excluded_lines": []}}}, "src/workers/thumbnail_worker.py": {"executed_lines": [], "summary": {"covered_lines": 0, "num_statements": 232, "percent_covered": 0.0, "percent_covered_display": "0", "missing_lines": 232, "excluded_lines": 0}, "missing_lines": [3, 4, 5, 6, 7, 8, 9, 11, 13, 14, 16, 19, 22, 30, 31, 32, 33, 34, 35, 38, 41, 50, 52, 54, 55, 58, 59, 60, 61, 62, 64, 68, 69, 70, 71, 72, 73, 74, 76, 77, 79, 83, 85, 87, 88, 89, 92, 93, 94, 97, 98, 102, 104, 105, 106, 107, 110, 111, 112, 114, 115, 116, 117, 119, 121, 122, 125, 127, 130, 132, 133, 134, 136, 137, 138, 139, 142, 145, 150, 153, 158, 159, 162, 163, 165, 167, 168, 169, 171, 175, 176, 179, 181, 183, 184, 187, 188, 191, 192, 194, 196, 198, 199, 204, 205, 210, 211, 214, 216, 220, 224, 226, 228, 230, 234, 235, 237, 240, 243, 244, 245, 246, 249, 250, 252, 253, 257, 259, 261, 262, 268, 285, 287, 295, 297, 300, 303, 311, 312, 315, 317, 321, 323, 325, 326, 328, 329, 330, 332, 334, 336, 338, 339, 341, 342, 345, 348, 349, 350, 351, 353, 354, 355, 356, 359, 362, 365, 370, 373, 378, 379, 381, 382, 384, 386, 387, 388, 390, 392, 393, 395, 398, 399, 401, 402, 403, 404, 407, 408, 409, 410, 411, 412, 413, 414, 416, 418, 420, 421, 424, 425, 428, 429, 431, 433, 435, 437, 438, 443, 444, 449, 452, 455, 456, 458, 460, 461, 465, 466, 468, 470, 471, 475, 476, 478, 480, 481, 483, 485, 487, 488, 498], "excluded_lines": [], "functions": {"ThumbnailGenerator.__init__": {"executed_lines": [], "summary": {"covered_lines": 0, "num_statements": 9, "percent_covered": 0.0, "percent_covered_display": "0", "missing_lines": 9, "excluded_lines": 0}, "missing_lines": [30, 31, 32, 33, 34, 35, 38, 41, 50], "excluded_lines": []}, "ThumbnailGenerator._validate_pil": {"executed_lines": [], "summary": {"covered_lines": 0, "num_statements": 17, "percent_covered": 0.0, "percent_covered_display": "0", "missing_lines": 17, "excluded_lines": 0}, "missing_lines": [54, 55, 58, 59, 60, 61, 62, 64, 68, 69, 70, 71, 72, 73, 74, 76, 77], "excluded_lines": []}, "ThumbnailGenerator.generate_thumbnail": {"executed_lines": [], "summary": {"covered_lines": 0, "num_statements": 22, "percent_covered": 0.0, "percent_covered_display": "0", "missing_lines": 22, "excluded_lines": 0}, "missing_lines": [83, 85, 87, 88, 89, 92, 93, 94, 97, 98, 102, 104, 105, 106, 107, 110, 111, 112, 114, 115, 116, 117], "excluded_lines": []}, "ThumbnailGenerator._generate_thumbnail_sync": {"executed_lines": [], "summary": {"covered_lines": 0, "num_statements": 24, "percent_covered": 0.0, "percent_covered_display": "0", "missing_lines": 24, "excluded_lines": 0}, "missing_lines": [121, 122, 125, 127, 130, 132, 133, 134, 136, 137, 138, 139, 142, 145, 150, 153, 158, 159, 162, 163, 165, 167, 168, 169], "excluded_lines": []}, "ThumbnailGenerator._calculate_thumbnail_size": {"executed_lines": [], "summary": {"covered_lines": 0, "num_statements": 11, "percent_covered": 0.0, "percent_covered_display": "0", "missing_lines": 11, "excluded_lines": 0}, "missing_lines": [175, 176, 179, 181, 183, 184, 187, 188, 191, 192, 194], "excluded_lines": []}, "ThumbnailGenerator._get_save_kwargs": {"executed_lines": [], "summary": {"covered_lines": 0, "num_statements": 7, "percent_covered": 0.0, "percent_covered_display": "0", "missing_lines": 7, "excluded_lines": 0}, "missing_lines": [198, 199, 204, 205, 210, 211, 214], "excluded_lines": []}, "ThumbnailGenerator._check_existing_thumbnail": {"executed_lines": [], "summary": {"covered_lines": 0, "num_statements": 4, "percent_covered": 0.0, "percent_covered_display": "0", "missing_lines": 4, "excluded_lines": 0}, "missing_lines": [220, 224, 226, 228], "excluded_lines": []}, "ThumbnailGenerator.generate_batch": {"executed_lines": [], "summary": {"covered_lines": 0, "num_statements": 13, "percent_covered": 0.0, "percent_covered_display": "0", "missing_lines": 13, "excluded_lines": 0}, "missing_lines": [234, 235, 237, 240, 243, 244, 245, 246, 249, 250, 252, 253, 257], "excluded_lines": []}, "ThumbnailGenerator.get_statistics": {"executed_lines": [], "summary": {"covered_lines": 0, "num_statements": 3, "percent_covered": 0.0, "percent_covered_display": "0", "missing_lines": 3, "excluded_lines": 0}, "missing_lines": [261, 262, 268], "excluded_lines": []}, "ThumbnailGenerator.reset_statistics": {"executed_lines": [], "summary": {"covered_lines": 0, "num_statements": 1, "percent_covered": 0.0, "percent_covered_display": "0", "missing_lines": 1, "excluded_lines": 0}, "missing_lines": [287], "excluded_lines": []}, "ThumbnailGenerator.shutdown": {"executed_lines": [], "summary": {"covered_lines": 0, "num_statements": 1, "percent_covered": 0.0, "percent_covered_display": "0", "missing_lines": 1, "excluded_lines": 0}, "missing_lines": [297], "excluded_lines": []}, "SmartThumbnailGenerator.__init__": {"executed_lines": [], "summary": {"covered_lines": 0, "num_statements": 3, "percent_covered": 0.0, "percent_covered_display": "0", "missing_lines": 3, "excluded_lines": 0}, "missing_lines": [311, 312, 315], "excluded_lines": []}, "SmartThumbnailGenerator.generate_multi_size_thumbnails": {"executed_lines": [], "summary": {"covered_lines": 0, "num_statements": 9, "percent_covered": 0.0, "percent_covered_display": "0", "missing_lines": 9, "excluded_lines": 0}, "missing_lines": [321, 323, 325, 326, 328, 329, 330, 332, 334], "excluded_lines": []}, "SmartThumbnailGenerator._generate_thumbnail_sync": {"executed_lines": [], "summary": {"covered_lines": 0, "num_statements": 26, "percent_covered": 0.0, "percent_covered_display": "0", "missing_lines": 26, "excluded_lines": 0}, "missing_lines": [338, 339, 341, 342, 345, 348, 349, 350, 351, 353, 354, 355, 356, 359, 362, 365, 370, 373, 378, 379, 381, 382, 384, 386, 387, 388], "excluded_lines": []}, "SmartThumbnailGenerator._calculate_adaptive_quality": {"executed_lines": [], "summary": {"covered_lines": 0, "num_statements": 18, "percent_covered": 0.0, "percent_covered_display": "0", "missing_lines": 18, "excluded_lines": 0}, "missing_lines": [392, 393, 395, 398, 399, 401, 402, 403, 404, 407, 408, 409, 410, 411, 412, 413, 414, 416], "excluded_lines": []}, "SmartThumbnailGenerator._enhance_image_for_thumbnail": {"executed_lines": [], "summary": {"covered_lines": 0, "num_statements": 8, "percent_covered": 0.0, "percent_covered_display": "0", "missing_lines": 8, "excluded_lines": 0}, "missing_lines": [420, 421, 424, 425, 428, 429, 431, 433], "excluded_lines": []}, "SmartThumbnailGenerator._get_adaptive_save_kwargs": {"executed_lines": [], "summary": {"covered_lines": 0, "num_statements": 5, "percent_covered": 0.0, "percent_covered_display": "0", "missing_lines": 5, "excluded_lines": 0}, "missing_lines": [437, 438, 443, 444, 449], "excluded_lines": []}, "ThumbnailCacheManager.__init__": {"executed_lines": [], "summary": {"covered_lines": 0, "num_statements": 1, "percent_covered": 0.0, "percent_covered_display": "0", "missing_lines": 1, "excluded_lines": 0}, "missing_lines": [456], "excluded_lines": []}, "ThumbnailCacheManager.cleanup_orphaned_thumbnails": {"executed_lines": [], "summary": {"covered_lines": 0, "num_statements": 4, "percent_covered": 0.0, "percent_covered_display": "0", "missing_lines": 4, "excluded_lines": 0}, "missing_lines": [460, 461, 465, 466], "excluded_lines": []}, "ThumbnailCacheManager.cleanup_empty_directories": {"executed_lines": [], "summary": {"covered_lines": 0, "num_statements": 4, "percent_covered": 0.0, "percent_covered_display": "0", "missing_lines": 4, "excluded_lines": 0}, "missing_lines": [470, 471, 475, 476], "excluded_lines": []}, "ThumbnailCacheManager.get_cache_statistics": {"executed_lines": [], "summary": {"covered_lines": 0, "num_statements": 2, "percent_covered": 0.0, "percent_covered_display": "0", "missing_lines": 2, "excluded_lines": 0}, "missing_lines": [480, 481], "excluded_lines": []}, "ThumbnailCacheManager.validate_cache_integrity": {"executed_lines": [], "summary": {"covered_lines": 0, "num_statements": 4, "percent_covered": 0.0, "percent_covered_display": "0", "missing_lines": 4, "excluded_lines": 0}, "missing_lines": [485, 487, 488, 498], "excluded_lines": []}, "": {"executed_lines": [], "summary": {"covered_lines": 0, "num_statements": 36, "percent_covered": 0.0, "percent_covered_display": "0", "missing_lines": 36, "excluded_lines": 0}, "missing_lines": [3, 4, 5, 6, 7, 8, 9, 11, 13, 14, 16, 19, 22, 52, 79, 119, 171, 196, 216, 230, 259, 285, 295, 300, 303, 317, 336, 390, 418, 435, 452, 455, 458, 468, 478, 483], "excluded_lines": []}}, "classes": {"ThumbnailGenerator": {"executed_lines": [], "summary": {"covered_lines": 0, "num_statements": 112, "percent_covered": 0.0, "percent_covered_display": "0", "missing_lines": 112, "excluded_lines": 0}, "missing_lines": [30, 31, 32, 33, 34, 35, 38, 41, 50, 54, 55, 58, 59, 60, 61, 62, 64, 68, 69, 70, 71, 72, 73, 74, 76, 77, 83, 85, 87, 88, 89, 92, 93, 94, 97, 98, 102, 104, 105, 106, 107, 110, 111, 112, 114, 115, 116, 117, 121, 122, 125, 127, 130, 132, 133, 134, 136, 137, 138, 139, 142, 145, 150, 153, 158, 159, 162, 163, 165, 167, 168, 169, 175, 176, 179, 181, 183, 184, 187, 188, 191, 192, 194, 198, 199, 204, 205, 210, 211, 214, 220, 224, 226, 228, 234, 235, 237, 240, 243, 244, 245, 246, 249, 250, 252, 253, 257, 261, 262, 268, 287, 297], "excluded_lines": []}, "SmartThumbnailGenerator": {"executed_lines": [], "summary": {"covered_lines": 0, "num_statements": 69, "percent_covered": 0.0, "percent_covered_display": "0", "missing_lines": 69, "excluded_lines": 0}, "missing_lines": [311, 312, 315, 321, 323, 325, 326, 328, 329, 330, 332, 334, 338, 339, 341, 342, 345, 348, 349, 350, 351, 353, 354, 355, 356, 359, 362, 365, 370, 373, 378, 379, 381, 382, 384, 386, 387, 388, 392, 393, 395, 398, 399, 401, 402, 403, 404, 407, 408, 409, 410, 411, 412, 413, 414, 416, 420, 421, 424, 425, 428, 429, 431, 433, 437, 438, 443, 444, 449], "excluded_lines": []}, "ThumbnailCacheManager": {"executed_lines": [], "summary": {"covered_lines": 0, "num_statements": 15, "percent_covered": 0.0, "percent_covered_display": "0", "missing_lines": 15, "excluded_lines": 0}, "missing_lines": [456, 460, 461, 465, 466, 470, 471, 475, 476, 480, 481, 485, 487, 488, 498], "excluded_lines": []}, "": {"executed_lines": [], "summary": {"covered_lines": 0, "num_statements": 36, "percent_covered": 0.0, "percent_covered_display": "0", "missing_lines": 36, "excluded_lines": 0}, "missing_lines": [3, 4, 5, 6, 7, 8, 9, 11, 13, 14, 16, 19, 22, 52, 79, 119, 171, 196, 216, 230, 259, 285, 295, 300, 303, 317, 336, 390, 418, 435, 452, 455, 458, 468, 478, 483], "excluded_lines": []}}}}, "totals": {"covered_lines": 220, "num_statements": 6072, "percent_covered": 3.6231884057971016, "percent_covered_display": "4", "missing_lines": 5852, "excluded_lines": 1}}